<?xml version="1.0" encoding="UTF-8" ?>
<testsuite errors="4" failures="0" hostname="mreddy-ltr" name="com.salesforce.tests.suites.CategorySuite" skipped="0" tests="19" time="3778.089" timestamp="2016-05-22T05:11:50">
  <properties>
[...]
</properties>
  <testcase classname="com.salesforce.tests.functionaltests.Billing.Accounts.Createaccount" name="testSelectBillingAccount_Bil" time="9.311">
    <error message="2" type="java.lang.ArrayIndexOutOfBoundsException">java.lang.ArrayIndexOutOfBoundsException: 2
	at jxl.read.biff.SheetImpl.getCell(SheetImpl.java:356)
	at com.salesforce.utils.datastore.ExcelSheetDriver.ReadCell(Unknown Source)
	at com.salesforce.tests.functionaltests.Billing.Accounts.Createaccount.testSelectBillingAccount_Bil(Unknown Source)
</error>
  </testcase>
  <testcase classname="com.salesforce.tests.functionaltests.Billing.Orders.Createorderforonetimecharge" name="test_CreateOrder" time="192.311"></testcase>
  <testcase classname="com.salesforce.tests.functionaltests.Billing.Orders.Addproductfororder" name="edit_AddProduct" time="213.965"></testcase>
  <testcase classname="com.salesforce.tests.functionaltests.Billing.Orders.Cloneorder" name="cloneorder_TestCancel" time="170.658"></testcase>
  <testcase classname="com.salesforce.tests.functionaltests.Billing.Orders.Cloneorder" name="cloneorder_TestPreview" time="185.391"></testcase>
  <testcase classname="com.salesforce.tests.functionaltests.Billing.Orders.Cloneorder" name="cloneorder_TestQuickSave" time="206.366"></testcase>
  <testcase classname="com.salesforce.tests.functionaltests.Billing.Orders.Cloneorder" name="cloneorder_TestStepWizard" time="223.224"></testcase>
  <testcase classname="com.salesforce.tests.functionaltests.Billing.Orders.Previewinvoiceoforder" name="test_PreviewInvoice" time="208.345">
    <error message="Intermittent failure clicking on element" type="java.lang.RuntimeException">java.lang.RuntimeException: Intermittent failure clicking on element
	at com.salesforce.pages.PageBase.clickOnElement(Unknown Source)
	at com.salesforce.pages.Billing.Orders.orderpreviewinvoice.clickOnPreviewInvoice(Unknown Source)
	at com.salesforce.tests.functionaltests.Billing.Orders.Previewinvoiceoforder.test_PreviewInvoice(Unknown Source)
</error>
  </testcase>
  <testcase classname="com.salesforce.tests.functionaltests.Billing.Orders.Midtermadjustmentorder" name="test_Midterm" time="280.078"></testcase>
  <testcase classname="com.salesforce.tests.functionaltests.Billing.Orders.Upgradesorder" name="upgardeTest" time="249.837"></testcase>
  <testcase classname="com.salesforce.tests.functionaltests.Billing.Orders.Downgradesorder" name="test_Downgrade" time="273.076">
    <error message="Element not found in the cache - perhaps the page has changed since it was looked up
Command duration or timeout: 45.19 seconds
For documentation on this error, please visit: http://seleniumhq.org/exceptions/stale_element_reference.html
Build info: version: &apos;2.53.0&apos;, revision: &apos;35ae25b1534ae328c771e0856c93e187490ca824&apos;, time: &apos;2016-03-15 10:43:46&apos;
System info: host: &apos;mreddy-ltr&apos;, ip: &apos;10.195.0.45&apos;, os.name: &apos;Windows 8.1&apos;, os.arch: &apos;amd64&apos;, os.version: &apos;6.3&apos;, java.version: &apos;1.8.0_91&apos;
Driver info: org.openqa.selenium.firefox.FirefoxDriver
Capabilities [{applicationCacheEnabled=true, rotatable=false, handlesAlerts=true, databaseEnabled=true, version=46.0.1, platform=WINDOWS, nativeEvents=false, acceptSslCerts=true, webStorageEnabled=true, locationContextEnabled=true, browserName=firefox, takesScreenshot=true, javascriptEnabled=true, cssSelectorsEnabled=true}]
Session ID: 29a84cd9-616e-4cf7-9c3f-4b6dfe71338f" type="org.openqa.selenium.StaleElementReferenceException">org.openqa.selenium.StaleElementReferenceException: Element not found in the cache - perhaps the page has changed since it was looked up
Command duration or timeout: 45.19 seconds
For documentation on this error, please visit: http://seleniumhq.org/exceptions/stale_element_reference.html
Build info: version: &apos;2.53.0&apos;, revision: &apos;35ae25b1534ae328c771e0856c93e187490ca824&apos;, time: &apos;2016-03-15 10:43:46&apos;
System info: host: &apos;mreddy-ltr&apos;, ip: &apos;10.195.0.45&apos;, os.name: &apos;Windows 8.1&apos;, os.arch: &apos;amd64&apos;, os.version: &apos;6.3&apos;, java.version: &apos;1.8.0_91&apos;
Driver info: org.openqa.selenium.firefox.FirefoxDriver
Capabilities [{applicationCacheEnabled=true, rotatable=false, handlesAlerts=true, databaseEnabled=true, version=46.0.1, platform=WINDOWS, nativeEvents=false, acceptSslCerts=true, webStorageEnabled=true, locationContextEnabled=true, browserName=firefox, takesScreenshot=true, javascriptEnabled=true, cssSelectorsEnabled=true}]
Session ID: 29a84cd9-616e-4cf7-9c3f-4b6dfe71338f
	at java.lang.reflect.Constructor.newInstance(Constructor.java:423)
	at org.openqa.selenium.remote.ErrorHandler.createThrowable(ErrorHandler.java:206)
	at org.openqa.selenium.remote.ErrorHandler.throwIfResponseFailed(ErrorHandler.java:158)
	at org.openqa.selenium.remote.RemoteWebDriver.execute(RemoteWebDriver.java:678)
	at org.openqa.selenium.remote.RemoteWebElement.execute(RemoteWebElement.java:327)
	at org.openqa.selenium.remote.RemoteWebElement.getText(RemoteWebElement.java:179)
	at com.salesforce.pages.Billing.Orders.OrderHome.getHeaderText(Unknown Source)
	at com.salesforce.tests.functionaltests.Billing.Orders.Downgradesorder.test_Downgrade(Unknown Source)
Caused by: org.openqa.selenium.StaleElementReferenceException: Element not found in the cache - perhaps the page has changed since it was looked up
For documentation on this error, please visit: http://seleniumhq.org/exceptions/stale_element_reference.html
Build info: version: &apos;2.53.0&apos;, revision: &apos;35ae25b1534ae328c771e0856c93e187490ca824&apos;, time: &apos;2016-03-15 10:43:46&apos;
System info: host: &apos;mreddy-ltr&apos;, ip: &apos;10.195.0.45&apos;, os.name: &apos;Windows 8.1&apos;, os.arch: &apos;amd64&apos;, os.version: &apos;6.3&apos;, java.version: &apos;1.8.0_91&apos;
Driver info: driver.version: unknown
	at &lt;anonymous class&gt;.fxdriver.cache.getElementAt(resource://fxdriver/modules/web-element-cache.js:9454)
	at &lt;anonymous class&gt;.Utils.getElementAt(file:///C:/Users/MADHUS~1.RED/AppData/Local/Temp/anonymous6125719726576556373webdriver-profile/extensions/fxdriver@googlecode.com/components/command-processor.js:9039)
	at &lt;anonymous class&gt;.WebElement.getElementText(file:///C:/Users/MADHUS~1.RED/AppData/Local/Temp/anonymous6125719726576556373webdriver-profile/extensions/fxdriver@googlecode.com/components/command-processor.js:12092)
	at &lt;anonymous class&gt;.DelayedCommand.prototype.executeInternal_/h(file:///C:/Users/MADHUS~1.RED/AppData/Local/Temp/anonymous6125719726576556373webdriver-profile/extensions/fxdriver@googlecode.com/components/command-processor.js:12661)
	at &lt;anonymous class&gt;.fxdriver.Timer.prototype.setTimeout/&lt;.notify(file:///C:/Users/MADHUS~1.RED/AppData/Local/Temp/anonymous6125719726576556373webdriver-profile/extensions/fxdriver@googlecode.com/components/command-processor.js:625)
</error>
  </testcase>
  <testcase classname="com.salesforce.tests.functionaltests.Billing.Orders.Createpaymentplan" name="test_PaymentPlans" time="123.269"></testcase>
  <testcase classname="com.salesforce.tests.functionaltests.Billing.Orders.Paymentplanfororder" name="paymentplantoorder" time="316.078"></testcase>
  <testcase classname="com.salesforce.tests.functionaltests.Billing.Orders.Testgenerateinvoice" name="test_GenerateInvoice" time="202.431"></testcase>
  <testcase classname="com.salesforce.tests.functionaltests.Billing.Orders.Testupdateorderstatus" name="updateOrderStatus" time="266.741"></testcase>
  <testcase classname="com.salesforce.tests.functionaltests.Billing.Orders.createorderforonetimeandmonthly" name="test_CreateOrderForOnetimeAndMonthlyCharges" time="196.404"></testcase>
  <testcase classname="com.salesforce.tests.functionaltests.Billing.Orders.Createadhocinvoice" name="createAdhocInvoiceFromOrder" time="204.798"></testcase>
  <testcase classname="com.salesforce.tests.functionaltests.Billing.Orders.createorderforprofarmainvoice" name="test_CreateOrderForInvoice" time="188.789"></testcase>
  <testcase classname="com.salesforce.tests.functionaltests.Billing.Accounts.createlightningaccount" name="lightningAccount" time="66.8">
    <error message="Intermittent failure clicking on element" type="java.lang.RuntimeException">java.lang.RuntimeException: Intermittent failure clicking on element
	at com.salesforce.pages.PageBase.clickOnElement(Unknown Source)
	at com.salesforce.pages.Billing.Accounts.accountlightningpage.clickOnAccounts(Unknown Source)
	at com.salesforce.tests.functionaltests.Billing.Accounts.createlightningaccount.lightningAccount(Unknown Source)
</error>
  </testcase>
  <system-out><![CDATA[ INFO [main] - com.salesforce.utils.datastore.FileIO:-1:Setting the Config Property Key [CurrentTestName] to Value: testSelectBillingAccount_Bil
DEBUG [main] - com.salesforce.utils.datastore.FileIO:-1:Directory: "report/images/" created
DEBUG [main] - com.salesforce.tests.functionaltests.CloudBaseTest:-1:------------------------------------------------------
DEBUG [main] - com.salesforce.tests.functionaltests.CloudBaseTest:-1:Executing Test: testSelectBillingAccount_Bil()...
DEBUG [main] - com.salesforce.tests.functionaltests.CloudBaseTest:-1:------------------------------------------------------
DEBUG [main] - com.salesforce.tests.functionaltests.CloudBaseTest:-1:------------------------------------------------------
DEBUG [main] - com.salesforce.tests.functionaltests.CloudBaseTest:-1:Initializing... 
DEBUG [main] - com.salesforce.tests.functionaltests.CloudBaseTest:-1:------------------------------------------------------
DEBUG [main] - com.salesforce.tests.functionaltests.CloudBaseTest:-1:Grid is set to OFF. All browsers will launch browser locally...
DEBUG [main] - com.salesforce.utils.datastore.FileIO:-1:Getting the download directory path...
DEBUG [main] - com.salesforce.tests.functionaltests.CloudBaseTest:-1:Launching Firefox Browser
DEBUG [main] - com.salesforce.tests.functionaltests.CloudBaseTest:-1:Driver version: FirefoxDriver: firefox on WINDOWS (14b3997d-8e03-43eb-be7c-019c0a268a3b)
DEBUG [main] - com.salesforce.tests.functionaltests.CloudBaseTest:-1:Initializing Excel data sheet...
DEBUG [main] - com.salesforce.utils.datastore.ExcelSheetDriver:-1:Returning the Excel cell value: "Email"
DEBUG [main] - com.salesforce.utils.datastore.ExcelSheetDriver:-1:Returning the Excel cell value: "Password"
DEBUG [main] - com.salesforce.utils.datastore.ExcelSheetDriver:-1:Returning the Excel cell value: "Tab"
DEBUG [main] - com.salesforce.utils.datastore.ExcelSheetDriver:-1:Returning the Excel cell value: "Account Name"
DEBUG [main] - com.salesforce.utils.datastore.FileIO:-1:Loading iFrame ID Cache...
DEBUG [main] - com.salesforce.tests.functionaltests.CloudBaseTest:-1:Initializing Excel data sheet...
DEBUG [main] - com.salesforce.utils.datastore.ExcelSheetDriver:-1:Returning the Excel cell value: "Email"
DEBUG [main] - com.salesforce.utils.datastore.ExcelSheetDriver:-1:Returning the Excel cell value: "Password"
DEBUG [main] - com.salesforce.utils.datastore.ExcelSheetDriver:-1:Returning the Excel cell value: "Tab"
DEBUG [main] - com.salesforce.utils.datastore.ExcelSheetDriver:-1:Returning the Excel cell value: "Account Name"
DEBUG [main] - com.salesforce.utils.datastore.FileIO:-1:Taking screenshot for test: "testSelectBillingAccount_Bil"
DEBUG [main] - com.salesforce.utils.driver.SalesforcePageExtensions:-1:Waiting for page to load!
DEBUG [main] - com.salesforce.utils.driver.SalesforcePageExtensions:-1:Returned a ready state of complete
DEBUG [main] - com.salesforce.tests.functionaltests.CloudBaseTest:-1:ENDING TEST: testSelectBillingAccount_Bil()
DEBUG [main] - com.salesforce.tests.functionaltests.CloudBaseTest:-1:Starting test class teardown
DEBUG [main] - com.salesforce.tests.functionaltests.CloudBaseTest:-1:Clearing all browser cookies
DEBUG [main] - com.salesforce.tests.functionaltests.CloudBaseTest:-1:Terminating browser
 INFO [main] - com.salesforce.utils.datastore.FileIO:-1:Setting the Config Property Key [CurrentTestName] to Value: test_CreateOrder
DEBUG [main] - com.salesforce.utils.datastore.FileIO:-1:Directory: "report/images/" created
DEBUG [main] - com.salesforce.tests.functionaltests.CloudBaseTest:-1:------------------------------------------------------
DEBUG [main] - com.salesforce.tests.functionaltests.CloudBaseTest:-1:Executing Test: test_CreateOrder()...
DEBUG [main] - com.salesforce.tests.functionaltests.CloudBaseTest:-1:------------------------------------------------------
DEBUG [main] - com.salesforce.tests.functionaltests.CloudBaseTest:-1:------------------------------------------------------
DEBUG [main] - com.salesforce.tests.functionaltests.CloudBaseTest:-1:Initializing... 
DEBUG [main] - com.salesforce.tests.functionaltests.CloudBaseTest:-1:------------------------------------------------------
DEBUG [main] - com.salesforce.tests.functionaltests.CloudBaseTest:-1:Grid is set to OFF. All browsers will launch browser locally...
DEBUG [main] - com.salesforce.utils.datastore.FileIO:-1:Getting the download directory path...
DEBUG [main] - com.salesforce.tests.functionaltests.CloudBaseTest:-1:Launching Firefox Browser
DEBUG [main] - com.salesforce.tests.functionaltests.CloudBaseTest:-1:Driver version: FirefoxDriver: firefox on WINDOWS (f158f241-8c38-4900-b427-5209de3b8543)
DEBUG [main] - com.salesforce.tests.functionaltests.CloudBaseTest:-1:Initializing Excel data sheet...
DEBUG [main] - com.salesforce.utils.datastore.ExcelSheetDriver:-1:Returning the Excel cell value: "Email"
DEBUG [main] - com.salesforce.utils.datastore.ExcelSheetDriver:-1:Returning the Excel cell value: "Password"
DEBUG [main] - com.salesforce.utils.datastore.ExcelSheetDriver:-1:Returning the Excel cell value: "Tab"
DEBUG [main] - com.salesforce.utils.datastore.ExcelSheetDriver:-1:Returning the Excel cell value: "Order Name"
DEBUG [main] - com.salesforce.utils.datastore.ExcelSheetDriver:-1:Returning the Excel cell value: "Terms (Months)"
DEBUG [main] - com.salesforce.utils.datastore.ExcelSheetDriver:-1:Returning the Excel cell value: "Auto Renew?"
DEBUG [main] - com.salesforce.utils.datastore.ExcelSheetDriver:-1:Returning the Excel cell value: "orderAccountName"
DEBUG [main] - com.salesforce.utils.datastore.ExcelSheetDriver:-1:Returning the Excel cell value: "PBDM"
DEBUG [main] - com.salesforce.utils.datastore.ExcelSheetDriver:-1:Returning the Excel cell value: "Payment Terms"
DEBUG [main] - com.salesforce.utils.datastore.ExcelSheetDriver:-1:Returning the Excel cell value: "Service Start Date"
DEBUG [main] - com.salesforce.utils.datastore.ExcelSheetDriver:-1:Returning the Excel cell value: "ProductName"
DEBUG [main] - com.salesforce.utils.datastore.FileIO:-1:Loading iFrame ID Cache...
DEBUG [main] - com.salesforce.tests.functionaltests.CloudBaseTest:-1:Initializing Excel data sheet...
DEBUG [main] - com.salesforce.utils.datastore.ExcelSheetDriver:-1:Returning the Excel cell value: "Email"
DEBUG [main] - com.salesforce.utils.datastore.ExcelSheetDriver:-1:Returning the Excel cell value: "Password"
DEBUG [main] - com.salesforce.utils.datastore.ExcelSheetDriver:-1:Returning the Excel cell value: "Tab"
DEBUG [main] - com.salesforce.utils.datastore.ExcelSheetDriver:-1:Returning the Excel cell value: "Order Name"
DEBUG [main] - com.salesforce.utils.datastore.ExcelSheetDriver:-1:Returning the Excel cell value: "Terms (Months)"
DEBUG [main] - com.salesforce.utils.datastore.ExcelSheetDriver:-1:Returning the Excel cell value: "Auto Renew?"
DEBUG [main] - com.salesforce.utils.datastore.ExcelSheetDriver:-1:Returning the Excel cell value: "orderAccountName"
DEBUG [main] - com.salesforce.utils.datastore.ExcelSheetDriver:-1:Returning the Excel cell value: "PBDM"
DEBUG [main] - com.salesforce.utils.datastore.ExcelSheetDriver:-1:Returning the Excel cell value: "Payment Terms"
DEBUG [main] - com.salesforce.utils.datastore.ExcelSheetDriver:-1:Returning the Excel cell value: "Service Start Date"
DEBUG [main] - com.salesforce.utils.datastore.ExcelSheetDriver:-1:Returning the Excel cell value: "ProductName"
DEBUG [main] - com.salesforce.utils.datastore.ExcelSheetDriver:-1:Returning the Excel cell value: "keshava.reddy@salesforce.com"
DEBUG [main] - com.salesforce.utils.datastore.ExcelSheetDriver:-1:Returning the Excel cell value: "BillingQA2"
DEBUG [main] - com.salesforce.utils.datastore.ExcelSheetDriver:-1:Returning the Excel cell value: "Orders"
DEBUG [main] - com.salesforce.utils.datastore.ExcelSheetDriver:-1:Returning the Excel cell value: "Demo order test"
DEBUG [main] - com.salesforce.utils.datastore.ExcelSheetDriver:-1:Returning the Excel cell value: "true"
DEBUG [main] - com.salesforce.utils.datastore.ExcelSheetDriver:-1:Returning the Excel cell value: "04/04/2016"
DEBUG [main] - com.salesforce.utils.datastore.ExcelSheetDriver:-1:Returning the Excel cell value: "Demo Account,Demo Account"
DEBUG [main] - com.salesforce.utils.datastore.ExcelSheetDriver:-1:Returning the Excel cell value: "GenWatt Diesel 200kW"
DEBUG [main] - com.salesforce.pages.PageBase:-1:Opening the page: "https://login.salesforce.com"
DEBUG [main] - com.salesforce.pages.Login:-1:Entering Username: keshava.reddy@salesforce.com
DEBUG [main] - com.salesforce.pages.Login:-1:Entering Password: BillingQA2
DEBUG [main] - com.salesforce.pages.Login:-1:Submitting Login Form!
DEBUG [main] - com.salesforce.pages.PageBase:-1:Will Continue testcase as exception is ignored and expected.
DEBUG [main] - com.salesforce.pages.PageBase:-1:Will Continue testcase as exception is ignored and expected.
DEBUG [main] - com.salesforce.utils.driver.SalesforcePageExtensions:-1:Waiting for page to load!
DEBUG [main] - com.salesforce.utils.driver.SalesforcePageExtensions:-1:Returned a ready state of complete
DEBUG [main] - com.salesforce.pages.DefaultTopFrame:-1:Changing App to SteelBrick Billing
DEBUG [main] - com.salesforce.pages.DefaultTopFrame:-1:Closing all top level Navigation tabs
DEBUG [main] - com.salesforce.utils.driver.ServiceCloudPageExtensions:-1:Closing all Service Cloud navigation tabs...
DEBUG [main] - com.salesforce.pages.PageBase:-1:Will Continue testcase as exception is ignored and expected.
DEBUG [main] - com.salesforce.pages.PageBase:-1:Checking page load status...
DEBUG [main] - com.salesforce.pages.PageBase:-1:Current wait time is: 0
DEBUG [main] - com.salesforce.pages.PageBase:-1:Loading element is no longer visible. Continuing execution...
DEBUG [main] - com.salesforce.pages.PageBase:-1:Waiting 1 sec then returning result. Current wait time is:0
DEBUG [main] - com.salesforce.pages.PageBase:-1:Context Loading element is no longer visible. Continuing execution.
DEBUG [main] - com.salesforce.utils.driver.SalesforcePageExtensions:-1:Waiting for page to load!
DEBUG [main] - com.salesforce.utils.driver.SalesforcePageExtensions:-1:Returned a ready state of complete
DEBUG [main] - com.salesforce.pages.PageBase:-1:Will Continue testcase as exception is ignored and expected.
DEBUG [main] - com.salesforce.utils.driver.ServiceCloudPageExtensions:-1:The close tabs link was inactive. Skipping...
DEBUG [main] - com.salesforce.pages.PageBase:-1:Setting the context mode to Page
DEBUG [main] - com.salesforce.utils.driver.SalesforcePageExtensions:-1:Waiting for page to load!
DEBUG [main] - com.salesforce.utils.driver.SalesforcePageExtensions:-1:Returned a ready state of complete
DEBUG [main] - com.salesforce.pages.Billing.Orders.OrderHome:-1:Clicking on the New button...
DEBUG [main] - com.salesforce.pages.Billing.Orders.OrderHome:-1:Setting order Name to: Demo order test
DEBUG [main] - com.salesforce.pages.Billing.Orders.OrderHome:-1:Setting Account Name to: Demo Account,Demo Account
DEBUG [main] - com.salesforce.pages.PageBase:-1:Checking page load status...
DEBUG [main] - com.salesforce.pages.PageBase:-1:Current wait time is: 0
DEBUG [main] - com.salesforce.pages.PageBase:-1:Loading element is no longer visible. Continuing execution...
DEBUG [main] - com.salesforce.pages.PageBase:-1:Waiting 1 sec then returning result. Current wait time is:0
DEBUG [main] - com.salesforce.pages.PageBase:-1:Context Loading element is no longer visible. Continuing execution.
DEBUG [main] - com.salesforce.utils.driver.SalesforcePageExtensions:-1:Waiting for page to load!
DEBUG [main] - com.salesforce.utils.driver.SalesforcePageExtensions:-1:Returned a ready state of complete
DEBUG [main] - com.salesforce.utils.driver.SalesforcePageExtensions:-1:Main window handle is: {40f1c78e-ff03-49f2-90ba-e5ec3473cae6}
DEBUG [main] - com.salesforce.utils.driver.SalesforcePageExtensions:-1:Current window handle is: {40f1c78e-ff03-49f2-90ba-e5ec3473cae6}
DEBUG [main] - com.salesforce.utils.driver.SalesforcePageExtensions:-1:Current window handle is: {88ab920d-e0dc-46eb-bdec-fa62e5fd05b5}
DEBUG [main] - com.salesforce.utils.driver.SalesforcePageExtensions:-1:New window handle is: {88ab920d-e0dc-46eb-bdec-fa62e5fd05b5}. Now executing on pop-up window...
DEBUG [main] - com.salesforce.utils.driver.SalesforcePageExtensions:-1:Now executing on pop-up window...
DEBUG [main] - com.salesforce.utils.driver.SalesforcePageExtensions:-1:Selecting search result value: Demo Account
DEBUG [main] - com.salesforce.utils.driver.SalesforcePageExtensions:-1:Switching back to main window: {40f1c78e-ff03-49f2-90ba-e5ec3473cae6}
DEBUG [main] - com.salesforce.pages.Billing.Orders.OrderHome:-1:Saving order wizard step1...
DEBUG [main] - com.salesforce.pages.Billing.Orders.OrderHome:-1:Setting Opportunity Close Date to: GenWatt Diesel 200kW
DEBUG [main] - com.salesforce.pages.Billing.Orders.OrderHome:-1:adding product to order...
DEBUG [main] - com.salesforce.pages.Billing.Orders.OrderHome:-1:Saving order wizard step2...
DEBUG [main] - com.salesforce.pages.Billing.Orders.OrderHome:-1:Saving order wizard step2...
DEBUG [main] - com.salesforce.pages.Billing.Orders.OrderHome:-1:Getting the Account Header text
DEBUG [main] - com.salesforce.pages.Billing.Orders.OrderHome:-1:Getting the Account Header text
DEBUG [main] - com.salesforce.utils.datastore.FileIO:-1:Taking screenshot for test: "test_CreateOrder"
DEBUG [main] - com.salesforce.utils.driver.SalesforcePageExtensions:-1:Waiting for page to load!
DEBUG [main] - com.salesforce.utils.driver.SalesforcePageExtensions:-1:Returned a ready state of complete
DEBUG [main] - com.salesforce.tests.functionaltests.CloudBaseTest:-1:ENDING TEST: test_CreateOrder()
DEBUG [main] - com.salesforce.tests.functionaltests.CloudBaseTest:-1:Starting test class teardown
DEBUG [main] - com.salesforce.tests.functionaltests.CloudBaseTest:-1:Clearing all browser cookies
DEBUG [main] - com.salesforce.tests.functionaltests.CloudBaseTest:-1:Terminating browser
 INFO [main] - com.salesforce.utils.datastore.FileIO:-1:Setting the Config Property Key [CurrentTestName] to Value: edit_AddProduct
DEBUG [main] - com.salesforce.utils.datastore.FileIO:-1:Directory: "report/images/" created
DEBUG [main] - com.salesforce.tests.functionaltests.CloudBaseTest:-1:------------------------------------------------------
DEBUG [main] - com.salesforce.tests.functionaltests.CloudBaseTest:-1:Executing Test: edit_AddProduct()...
DEBUG [main] - com.salesforce.tests.functionaltests.CloudBaseTest:-1:------------------------------------------------------
DEBUG [main] - com.salesforce.tests.functionaltests.CloudBaseTest:-1:------------------------------------------------------
DEBUG [main] - com.salesforce.tests.functionaltests.CloudBaseTest:-1:Initializing... 
DEBUG [main] - com.salesforce.tests.functionaltests.CloudBaseTest:-1:------------------------------------------------------
DEBUG [main] - com.salesforce.tests.functionaltests.CloudBaseTest:-1:Grid is set to OFF. All browsers will launch browser locally...
DEBUG [main] - com.salesforce.utils.datastore.FileIO:-1:Getting the download directory path...
DEBUG [main] - com.salesforce.tests.functionaltests.CloudBaseTest:-1:Launching Firefox Browser
DEBUG [main] - com.salesforce.tests.functionaltests.CloudBaseTest:-1:Driver version: FirefoxDriver: firefox on WINDOWS (503c8e34-1ae8-477f-976f-9ed191015203)
DEBUG [main] - com.salesforce.tests.functionaltests.CloudBaseTest:-1:Initializing Excel data sheet...
DEBUG [main] - com.salesforce.utils.datastore.ExcelSheetDriver:-1:Returning the Excel cell value: "Email"
DEBUG [main] - com.salesforce.utils.datastore.ExcelSheetDriver:-1:Returning the Excel cell value: "Password"
DEBUG [main] - com.salesforce.utils.datastore.ExcelSheetDriver:-1:Returning the Excel cell value: "Tab"
DEBUG [main] - com.salesforce.utils.datastore.ExcelSheetDriver:-1:Returning the Excel cell value: "View"
DEBUG [main] - com.salesforce.utils.datastore.ExcelSheetDriver:-1:Returning the Excel cell value: "Filter"
DEBUG [main] - com.salesforce.utils.datastore.ExcelSheetDriver:-1:Returning the Excel cell value: "Order Name"
DEBUG [main] - com.salesforce.utils.datastore.ExcelSheetDriver:-1:Returning the Excel cell value: "ProductName"
DEBUG [main] - com.salesforce.utils.datastore.FileIO:-1:Loading iFrame ID Cache...
DEBUG [main] - com.salesforce.tests.functionaltests.CloudBaseTest:-1:Initializing Excel data sheet...
DEBUG [main] - com.salesforce.utils.datastore.ExcelSheetDriver:-1:Returning the Excel cell value: "Email"
DEBUG [main] - com.salesforce.utils.datastore.ExcelSheetDriver:-1:Returning the Excel cell value: "Password"
DEBUG [main] - com.salesforce.utils.datastore.ExcelSheetDriver:-1:Returning the Excel cell value: "Tab"
DEBUG [main] - com.salesforce.utils.datastore.ExcelSheetDriver:-1:Returning the Excel cell value: "View"
DEBUG [main] - com.salesforce.utils.datastore.ExcelSheetDriver:-1:Returning the Excel cell value: "Filter"
DEBUG [main] - com.salesforce.utils.datastore.ExcelSheetDriver:-1:Returning the Excel cell value: "Order Name"
DEBUG [main] - com.salesforce.utils.datastore.ExcelSheetDriver:-1:Returning the Excel cell value: "ProductName"
DEBUG [main] - com.salesforce.utils.datastore.ExcelSheetDriver:-1:Returning the Excel cell value: "keshava.reddy@salesforce.com"
DEBUG [main] - com.salesforce.utils.datastore.ExcelSheetDriver:-1:Returning the Excel cell value: "BillingQA2"
DEBUG [main] - com.salesforce.utils.datastore.ExcelSheetDriver:-1:Returning the Excel cell value: "Orders"
DEBUG [main] - com.salesforce.utils.datastore.ExcelSheetDriver:-1:Returning the Excel cell value: "All Orders"
DEBUG [main] - com.salesforce.utils.datastore.ExcelSheetDriver:-1:Returning the Excel cell value: "D"
DEBUG [main] - com.salesforce.utils.datastore.ExcelSheetDriver:-1:Returning the Excel cell value: "Demo order test"
DEBUG [main] - com.salesforce.utils.datastore.ExcelSheetDriver:-1:Returning the Excel cell value: "GenWatt Diesel 200kW"
DEBUG [main] - com.salesforce.pages.PageBase:-1:Opening the page: "https://login.salesforce.com"
DEBUG [main] - com.salesforce.pages.Login:-1:Entering Username: keshava.reddy@salesforce.com
DEBUG [main] - com.salesforce.pages.Login:-1:Entering Password: BillingQA2
DEBUG [main] - com.salesforce.pages.Login:-1:Submitting Login Form!
DEBUG [main] - com.salesforce.pages.PageBase:-1:Will Continue testcase as exception is ignored and expected.
DEBUG [main] - com.salesforce.pages.PageBase:-1:Will Continue testcase as exception is ignored and expected.
DEBUG [main] - com.salesforce.utils.driver.SalesforcePageExtensions:-1:Waiting for page to load!
DEBUG [main] - com.salesforce.utils.driver.SalesforcePageExtensions:-1:Returned a ready state of complete
DEBUG [main] - com.salesforce.pages.DefaultTopFrame:-1:Changing App to SteelBrick Billing
DEBUG [main] - com.salesforce.pages.DefaultTopFrame:-1:Closing all top level Navigation tabs
DEBUG [main] - com.salesforce.utils.driver.ServiceCloudPageExtensions:-1:Closing all Service Cloud navigation tabs...
DEBUG [main] - com.salesforce.pages.PageBase:-1:Will Continue testcase as exception is ignored and expected.
DEBUG [main] - com.salesforce.pages.PageBase:-1:Checking page load status...
DEBUG [main] - com.salesforce.pages.PageBase:-1:Current wait time is: 0
DEBUG [main] - com.salesforce.pages.PageBase:-1:Loading element is no longer visible. Continuing execution...
DEBUG [main] - com.salesforce.pages.PageBase:-1:Waiting 1 sec then returning result. Current wait time is:0
DEBUG [main] - com.salesforce.pages.PageBase:-1:Context Loading element is no longer visible. Continuing execution.
DEBUG [main] - com.salesforce.utils.driver.SalesforcePageExtensions:-1:Waiting for page to load!
DEBUG [main] - com.salesforce.utils.driver.SalesforcePageExtensions:-1:Returned a ready state of complete
DEBUG [main] - com.salesforce.pages.PageBase:-1:Will Continue testcase as exception is ignored and expected.
DEBUG [main] - com.salesforce.utils.driver.ServiceCloudPageExtensions:-1:The close tabs link was inactive. Skipping...
DEBUG [main] - com.salesforce.pages.PageBase:-1:Setting the context mode to Page
DEBUG [main] - com.salesforce.utils.driver.SalesforcePageExtensions:-1:Waiting for page to load!
DEBUG [main] - com.salesforce.utils.driver.SalesforcePageExtensions:-1:Returned a ready state of complete
DEBUG [main] - com.salesforce.pages.salescloud.leads.LeadsHome:-1:Waiting for page to load
DEBUG [main] - com.salesforce.utils.driver.SalesforcePageExtensions:-1:Waiting for page to load!
DEBUG [main] - com.salesforce.utils.driver.SalesforcePageExtensions:-1:Returned a ready state of complete
DEBUG [main] - com.salesforce.pages.salescloud.leads.LeadsHome:-1:Setting View filter to: All Orders
DEBUG [main] - com.salesforce.pages.PageBase:-1:Will Continue testcase as exception is ignored and expected.
DEBUG [main] - com.salesforce.pages.PageBase:-1:Will Continue testcase as exception is ignored and expected.
DEBUG [main] - com.salesforce.utils.driver.SalesforcePageExtensions:-1:Had to use alternate DOM structure to get the class name for the input within a DIV. Input class is: fcf
DEBUG [main] - com.salesforce.pages.salescloud.leads.LeadsHome:-1:Selecting the Lead view type: All Orders
DEBUG [main] - com.salesforce.pages.salescloud.leads.LeadsHome:-1:The <option> value was found as the default selected element. Selecting it now
DEBUG [main] - com.salesforce.pages.salescloud.leads.LeadsHome:-1:Waiting for page to load
DEBUG [main] - com.salesforce.utils.driver.SalesforcePageExtensions:-1:Waiting for page to load!
DEBUG [main] - com.salesforce.utils.driver.SalesforcePageExtensions:-1:Returned a ready state of complete
DEBUG [main] - com.salesforce.pages.salescloud.leads.LeadsHome:-1:Sorting the leads Table by the Letter: D
DEBUG [main] - com.salesforce.utils.driver.SalesforcePageExtensions:-1:Waiting for page to load!
DEBUG [main] - com.salesforce.utils.driver.SalesforcePageExtensions:-1:Returned a ready state of complete
DEBUG [main] - com.salesforce.utils.driver.BrowserExtensions:-1:Waiting 1 sec then returning result. Current wait time is:0
DEBUG [main] - com.salesforce.utils.driver.BrowserExtensions:-1:Loading element is no longer visible. Continuing execution.
DEBUG [main] - com.salesforce.utils.driver.SalesforcePageExtensions:-1:Sorting Activity contents by letter: D
DEBUG [main] - com.salesforce.pages.salescloud.leads.LeadsHome:-1:Selecting the following value from the Leads table: Demo order test
DEBUG [main] - com.salesforce.utils.driver.SalesforcePageExtensions:-1:Waiting for page to load!
DEBUG [main] - com.salesforce.utils.driver.SalesforcePageExtensions:-1:Returned a ready state of complete
DEBUG [main] - com.salesforce.pages.salescloud.leads.LeadsHome:-1:Selecting the following value from the leads record table: Demo order test
DEBUG [main] - com.salesforce.utils.driver.BrowserExtensions:-1:Waiting 1 sec then returning result. Current wait time is:0
DEBUG [main] - com.salesforce.utils.driver.BrowserExtensions:-1:Loading element is no longer visible. Continuing execution.
DEBUG [main] - com.salesforce.utils.driver.SalesforcePageExtensions:-1:Found the table value: Demo order test
DEBUG [main] - com.salesforce.pages.Billing.Orders.OrderHome:-1:Clicking on edit....
DEBUG [main] - com.salesforce.pages.Billing.Orders.OrderHome:-1:Saving order wizard step1...
DEBUG [main] - com.salesforce.pages.Billing.Orders.OrderHome:-1:Setting Opportunity Close Date to: GenWatt Diesel 200kW
DEBUG [main] - com.salesforce.pages.Billing.Orders.OrderHome:-1:Saving order wizard step2...
DEBUG [main] - com.salesforce.pages.Billing.Orders.OrderHome:-1:Saving order wizard step2...
DEBUG [main] - com.salesforce.utils.datastore.FileIO:-1:Taking screenshot for test: "edit_AddProduct"
DEBUG [main] - com.salesforce.utils.driver.SalesforcePageExtensions:-1:Waiting for page to load!
DEBUG [main] - com.salesforce.utils.driver.SalesforcePageExtensions:-1:Returned a ready state of complete
DEBUG [main] - com.salesforce.tests.functionaltests.CloudBaseTest:-1:ENDING TEST: edit_AddProduct()
DEBUG [main] - com.salesforce.tests.functionaltests.CloudBaseTest:-1:Starting test class teardown
DEBUG [main] - com.salesforce.tests.functionaltests.CloudBaseTest:-1:Clearing all browser cookies
DEBUG [main] - com.salesforce.tests.functionaltests.CloudBaseTest:-1:Terminating browser
 INFO [main] - com.salesforce.utils.datastore.FileIO:-1:Setting the Config Property Key [CurrentTestName] to Value: cloneorder_TestCancel
DEBUG [main] - com.salesforce.utils.datastore.FileIO:-1:Directory: "report/images/" created
DEBUG [main] - com.salesforce.tests.functionaltests.CloudBaseTest:-1:------------------------------------------------------
DEBUG [main] - com.salesforce.tests.functionaltests.CloudBaseTest:-1:Executing Test: cloneorder_TestCancel()...
DEBUG [main] - com.salesforce.tests.functionaltests.CloudBaseTest:-1:------------------------------------------------------
DEBUG [main] - com.salesforce.tests.functionaltests.CloudBaseTest:-1:------------------------------------------------------
DEBUG [main] - com.salesforce.tests.functionaltests.CloudBaseTest:-1:Initializing... 
DEBUG [main] - com.salesforce.tests.functionaltests.CloudBaseTest:-1:------------------------------------------------------
DEBUG [main] - com.salesforce.tests.functionaltests.CloudBaseTest:-1:Grid is set to OFF. All browsers will launch browser locally...
DEBUG [main] - com.salesforce.utils.datastore.FileIO:-1:Getting the download directory path...
DEBUG [main] - com.salesforce.tests.functionaltests.CloudBaseTest:-1:Launching Firefox Browser
DEBUG [main] - com.salesforce.tests.functionaltests.CloudBaseTest:-1:Driver version: FirefoxDriver: firefox on WINDOWS (c79961cf-26b6-44b5-abc5-84048b2abb06)
DEBUG [main] - com.salesforce.tests.functionaltests.CloudBaseTest:-1:Initializing Excel data sheet...
DEBUG [main] - com.salesforce.utils.datastore.ExcelSheetDriver:-1:Returning the Excel cell value: "Email"
DEBUG [main] - com.salesforce.utils.datastore.ExcelSheetDriver:-1:Returning the Excel cell value: "Password"
DEBUG [main] - com.salesforce.utils.datastore.ExcelSheetDriver:-1:Returning the Excel cell value: "Tab"
DEBUG [main] - com.salesforce.utils.datastore.ExcelSheetDriver:-1:Returning the Excel cell value: "View"
DEBUG [main] - com.salesforce.utils.datastore.ExcelSheetDriver:-1:Returning the Excel cell value: "Filter"
DEBUG [main] - com.salesforce.utils.datastore.ExcelSheetDriver:-1:Returning the Excel cell value: "OrderName"
DEBUG [main] - com.salesforce.utils.datastore.FileIO:-1:Loading iFrame ID Cache...
DEBUG [main] - com.salesforce.tests.functionaltests.CloudBaseTest:-1:Initializing Excel data sheet...
DEBUG [main] - com.salesforce.utils.datastore.ExcelSheetDriver:-1:Returning the Excel cell value: "Email"
DEBUG [main] - com.salesforce.utils.datastore.ExcelSheetDriver:-1:Returning the Excel cell value: "Password"
DEBUG [main] - com.salesforce.utils.datastore.ExcelSheetDriver:-1:Returning the Excel cell value: "Tab"
DEBUG [main] - com.salesforce.utils.datastore.ExcelSheetDriver:-1:Returning the Excel cell value: "View"
DEBUG [main] - com.salesforce.utils.datastore.ExcelSheetDriver:-1:Returning the Excel cell value: "Filter"
DEBUG [main] - com.salesforce.utils.datastore.ExcelSheetDriver:-1:Returning the Excel cell value: "OrderName"
DEBUG [main] - com.salesforce.utils.datastore.ExcelSheetDriver:-1:Returning the Excel cell value: "keshava.reddy@salesforce.com"
DEBUG [main] - com.salesforce.utils.datastore.ExcelSheetDriver:-1:Returning the Excel cell value: "BillingQA2"
DEBUG [main] - com.salesforce.utils.datastore.ExcelSheetDriver:-1:Returning the Excel cell value: "Orders"
DEBUG [main] - com.salesforce.utils.datastore.ExcelSheetDriver:-1:Returning the Excel cell value: "All Orders"
DEBUG [main] - com.salesforce.utils.datastore.ExcelSheetDriver:-1:Returning the Excel cell value: "D"
DEBUG [main] - com.salesforce.utils.datastore.ExcelSheetDriver:-1:Returning the Excel cell value: "Demo order test"
DEBUG [main] - com.salesforce.pages.PageBase:-1:Opening the page: "https://login.salesforce.com"
DEBUG [main] - com.salesforce.pages.Login:-1:Entering Username: keshava.reddy@salesforce.com
DEBUG [main] - com.salesforce.pages.Login:-1:Entering Password: BillingQA2
DEBUG [main] - com.salesforce.pages.Login:-1:Submitting Login Form!
DEBUG [main] - com.salesforce.pages.PageBase:-1:Will Continue testcase as exception is ignored and expected.
DEBUG [main] - com.salesforce.pages.PageBase:-1:Will Continue testcase as exception is ignored and expected.
DEBUG [main] - com.salesforce.utils.driver.SalesforcePageExtensions:-1:Waiting for page to load!
DEBUG [main] - com.salesforce.utils.driver.SalesforcePageExtensions:-1:Returned a ready state of complete
DEBUG [main] - com.salesforce.pages.DefaultTopFrame:-1:Changing App to SteelBrick Billing
DEBUG [main] - com.salesforce.pages.DefaultTopFrame:-1:Closing all top level Navigation tabs
DEBUG [main] - com.salesforce.utils.driver.ServiceCloudPageExtensions:-1:Closing all Service Cloud navigation tabs...
DEBUG [main] - com.salesforce.pages.PageBase:-1:Will Continue testcase as exception is ignored and expected.
DEBUG [main] - com.salesforce.pages.PageBase:-1:Checking page load status...
DEBUG [main] - com.salesforce.pages.PageBase:-1:Current wait time is: 0
DEBUG [main] - com.salesforce.pages.PageBase:-1:Loading element is no longer visible. Continuing execution...
DEBUG [main] - com.salesforce.pages.PageBase:-1:Waiting 1 sec then returning result. Current wait time is:0
DEBUG [main] - com.salesforce.pages.PageBase:-1:Context Loading element is no longer visible. Continuing execution.
DEBUG [main] - com.salesforce.utils.driver.SalesforcePageExtensions:-1:Waiting for page to load!
DEBUG [main] - com.salesforce.utils.driver.SalesforcePageExtensions:-1:Returned a ready state of complete
DEBUG [main] - com.salesforce.pages.PageBase:-1:Will Continue testcase as exception is ignored and expected.
DEBUG [main] - com.salesforce.utils.driver.ServiceCloudPageExtensions:-1:The close tabs link was inactive. Skipping...
DEBUG [main] - com.salesforce.pages.PageBase:-1:Setting the context mode to Page
DEBUG [main] - com.salesforce.utils.driver.SalesforcePageExtensions:-1:Waiting for page to load!
DEBUG [main] - com.salesforce.utils.driver.SalesforcePageExtensions:-1:Returned a ready state of complete
DEBUG [main] - com.salesforce.pages.salescloud.leads.LeadsHome:-1:Waiting for page to load
DEBUG [main] - com.salesforce.utils.driver.SalesforcePageExtensions:-1:Waiting for page to load!
DEBUG [main] - com.salesforce.utils.driver.SalesforcePageExtensions:-1:Returned a ready state of complete
DEBUG [main] - com.salesforce.pages.salescloud.leads.LeadsHome:-1:Setting View filter to: All Orders
DEBUG [main] - com.salesforce.pages.PageBase:-1:Will Continue testcase as exception is ignored and expected.
DEBUG [main] - com.salesforce.pages.PageBase:-1:Will Continue testcase as exception is ignored and expected.
DEBUG [main] - com.salesforce.utils.driver.SalesforcePageExtensions:-1:Had to use alternate DOM structure to get the class name for the input within a DIV. Input class is: fcf
DEBUG [main] - com.salesforce.pages.salescloud.leads.LeadsHome:-1:Selecting the Lead view type: All Orders
DEBUG [main] - com.salesforce.pages.salescloud.leads.LeadsHome:-1:The <option> value was found as the default selected element. Selecting it now
DEBUG [main] - com.salesforce.pages.salescloud.leads.LeadsHome:-1:Waiting for page to load
DEBUG [main] - com.salesforce.utils.driver.SalesforcePageExtensions:-1:Waiting for page to load!
DEBUG [main] - com.salesforce.utils.driver.SalesforcePageExtensions:-1:Returned a ready state of complete
DEBUG [main] - com.salesforce.pages.salescloud.leads.LeadsHome:-1:Sorting the leads Table by the Letter: D
DEBUG [main] - com.salesforce.utils.driver.SalesforcePageExtensions:-1:Waiting for page to load!
DEBUG [main] - com.salesforce.utils.driver.SalesforcePageExtensions:-1:Returned a ready state of complete
DEBUG [main] - com.salesforce.utils.driver.BrowserExtensions:-1:Waiting 1 sec then returning result. Current wait time is:0
DEBUG [main] - com.salesforce.utils.driver.BrowserExtensions:-1:Loading element is no longer visible. Continuing execution.
DEBUG [main] - com.salesforce.utils.driver.SalesforcePageExtensions:-1:Sorting Activity contents by letter: D
DEBUG [main] - com.salesforce.pages.salescloud.leads.LeadsHome:-1:Selecting the following value from the Leads table: Demo order test
DEBUG [main] - com.salesforce.utils.driver.SalesforcePageExtensions:-1:Waiting for page to load!
DEBUG [main] - com.salesforce.utils.driver.SalesforcePageExtensions:-1:Returned a ready state of complete
DEBUG [main] - com.salesforce.pages.salescloud.leads.LeadsHome:-1:Selecting the following value from the leads record table: Demo order test
DEBUG [main] - com.salesforce.utils.driver.BrowserExtensions:-1:Waiting 1 sec then returning result. Current wait time is:0
DEBUG [main] - com.salesforce.utils.driver.BrowserExtensions:-1:Waiting 1 sec then returning result. Current wait time is:1
DEBUG [main] - com.salesforce.utils.driver.BrowserExtensions:-1:Waiting 1 sec then returning result. Current wait time is:2
DEBUG [main] - com.salesforce.utils.driver.BrowserExtensions:-1:Waiting 1 sec then returning result. Current wait time is:3
DEBUG [main] - com.salesforce.utils.driver.BrowserExtensions:-1:Waiting 1 sec then returning result. Current wait time is:4
DEBUG [main] - com.salesforce.utils.driver.BrowserExtensions:-1:Loading element is no longer visible. Continuing execution.
DEBUG [main] - com.salesforce.utils.driver.SalesforcePageExtensions:-1:Found the table value: Demo order test
DEBUG [main] - com.salesforce.pages.Billing.Orders.Cloneorder:-1:Clicking on clone button
DEBUG [main] - com.salesforce.pages.Billing.Orders.Cloneorder:-1:Clicking on cancel button
DEBUG [main] - com.salesforce.pages.Billing.Orders.Cloneorder:-1:Getting the Account Header text
DEBUG [main] - com.salesforce.utils.datastore.FileIO:-1:Taking screenshot for test: "cloneorder_TestCancel"
DEBUG [main] - com.salesforce.utils.driver.SalesforcePageExtensions:-1:Waiting for page to load!
DEBUG [main] - com.salesforce.utils.driver.SalesforcePageExtensions:-1:Returned a ready state of complete
DEBUG [main] - com.salesforce.tests.functionaltests.CloudBaseTest:-1:ENDING TEST: cloneorder_TestCancel()
DEBUG [main] - com.salesforce.tests.functionaltests.CloudBaseTest:-1:Starting test class teardown
DEBUG [main] - com.salesforce.tests.functionaltests.CloudBaseTest:-1:Clearing all browser cookies
DEBUG [main] - com.salesforce.tests.functionaltests.CloudBaseTest:-1:Terminating browser
 INFO [main] - com.salesforce.utils.datastore.FileIO:-1:Setting the Config Property Key [CurrentTestName] to Value: cloneorder_TestPreview
DEBUG [main] - com.salesforce.utils.datastore.FileIO:-1:Directory: "report/images/" created
DEBUG [main] - com.salesforce.tests.functionaltests.CloudBaseTest:-1:------------------------------------------------------
DEBUG [main] - com.salesforce.tests.functionaltests.CloudBaseTest:-1:Executing Test: cloneorder_TestPreview()...
DEBUG [main] - com.salesforce.tests.functionaltests.CloudBaseTest:-1:------------------------------------------------------
DEBUG [main] - com.salesforce.tests.functionaltests.CloudBaseTest:-1:------------------------------------------------------
DEBUG [main] - com.salesforce.tests.functionaltests.CloudBaseTest:-1:Initializing... 
DEBUG [main] - com.salesforce.tests.functionaltests.CloudBaseTest:-1:------------------------------------------------------
DEBUG [main] - com.salesforce.tests.functionaltests.CloudBaseTest:-1:Grid is set to OFF. All browsers will launch browser locally...
DEBUG [main] - com.salesforce.utils.datastore.FileIO:-1:Getting the download directory path...
DEBUG [main] - com.salesforce.tests.functionaltests.CloudBaseTest:-1:Launching Firefox Browser
DEBUG [main] - com.salesforce.tests.functionaltests.CloudBaseTest:-1:Driver version: FirefoxDriver: firefox on WINDOWS (02615fd1-b498-4b2b-a500-b06dc571bca0)
DEBUG [main] - com.salesforce.tests.functionaltests.CloudBaseTest:-1:Initializing Excel data sheet...
DEBUG [main] - com.salesforce.utils.datastore.ExcelSheetDriver:-1:Returning the Excel cell value: "Email"
DEBUG [main] - com.salesforce.utils.datastore.ExcelSheetDriver:-1:Returning the Excel cell value: "Password"
DEBUG [main] - com.salesforce.utils.datastore.ExcelSheetDriver:-1:Returning the Excel cell value: "Tab"
DEBUG [main] - com.salesforce.utils.datastore.ExcelSheetDriver:-1:Returning the Excel cell value: "View"
DEBUG [main] - com.salesforce.utils.datastore.ExcelSheetDriver:-1:Returning the Excel cell value: "Filter"
DEBUG [main] - com.salesforce.utils.datastore.ExcelSheetDriver:-1:Returning the Excel cell value: "OrderName"
DEBUG [main] - com.salesforce.utils.datastore.FileIO:-1:Loading iFrame ID Cache...
DEBUG [main] - com.salesforce.tests.functionaltests.CloudBaseTest:-1:Initializing Excel data sheet...
DEBUG [main] - com.salesforce.utils.datastore.ExcelSheetDriver:-1:Returning the Excel cell value: "Email"
DEBUG [main] - com.salesforce.utils.datastore.ExcelSheetDriver:-1:Returning the Excel cell value: "Password"
DEBUG [main] - com.salesforce.utils.datastore.ExcelSheetDriver:-1:Returning the Excel cell value: "Tab"
DEBUG [main] - com.salesforce.utils.datastore.ExcelSheetDriver:-1:Returning the Excel cell value: "View"
DEBUG [main] - com.salesforce.utils.datastore.ExcelSheetDriver:-1:Returning the Excel cell value: "Filter"
DEBUG [main] - com.salesforce.utils.datastore.ExcelSheetDriver:-1:Returning the Excel cell value: "OrderName"
DEBUG [main] - com.salesforce.utils.datastore.ExcelSheetDriver:-1:Returning the Excel cell value: "keshava.reddy@salesforce.com"
DEBUG [main] - com.salesforce.utils.datastore.ExcelSheetDriver:-1:Returning the Excel cell value: "BillingQA2"
DEBUG [main] - com.salesforce.utils.datastore.ExcelSheetDriver:-1:Returning the Excel cell value: "Orders"
DEBUG [main] - com.salesforce.utils.datastore.ExcelSheetDriver:-1:Returning the Excel cell value: "All Orders"
DEBUG [main] - com.salesforce.utils.datastore.ExcelSheetDriver:-1:Returning the Excel cell value: "D"
DEBUG [main] - com.salesforce.utils.datastore.ExcelSheetDriver:-1:Returning the Excel cell value: "Demo order test"
DEBUG [main] - com.salesforce.pages.PageBase:-1:Opening the page: "https://login.salesforce.com"
DEBUG [main] - com.salesforce.pages.Login:-1:Entering Username: keshava.reddy@salesforce.com
DEBUG [main] - com.salesforce.pages.Login:-1:Entering Password: BillingQA2
DEBUG [main] - com.salesforce.pages.Login:-1:Submitting Login Form!
DEBUG [main] - com.salesforce.pages.PageBase:-1:Will Continue testcase as exception is ignored and expected.
DEBUG [main] - com.salesforce.pages.PageBase:-1:Will Continue testcase as exception is ignored and expected.
DEBUG [main] - com.salesforce.utils.driver.SalesforcePageExtensions:-1:Waiting for page to load!
DEBUG [main] - com.salesforce.utils.driver.SalesforcePageExtensions:-1:Returned a ready state of complete
DEBUG [main] - com.salesforce.pages.DefaultTopFrame:-1:Changing App to SteelBrick Billing
DEBUG [main] - com.salesforce.pages.DefaultTopFrame:-1:Closing all top level Navigation tabs
DEBUG [main] - com.salesforce.utils.driver.ServiceCloudPageExtensions:-1:Closing all Service Cloud navigation tabs...
DEBUG [main] - com.salesforce.pages.PageBase:-1:Will Continue testcase as exception is ignored and expected.
DEBUG [main] - com.salesforce.pages.PageBase:-1:Checking page load status...
DEBUG [main] - com.salesforce.pages.PageBase:-1:Current wait time is: 0
DEBUG [main] - com.salesforce.pages.PageBase:-1:Loading element is no longer visible. Continuing execution...
DEBUG [main] - com.salesforce.pages.PageBase:-1:Waiting 1 sec then returning result. Current wait time is:0
DEBUG [main] - com.salesforce.pages.PageBase:-1:Context Loading element is no longer visible. Continuing execution.
DEBUG [main] - com.salesforce.utils.driver.SalesforcePageExtensions:-1:Waiting for page to load!
DEBUG [main] - com.salesforce.utils.driver.SalesforcePageExtensions:-1:Returned a ready state of complete
DEBUG [main] - com.salesforce.pages.PageBase:-1:Will Continue testcase as exception is ignored and expected.
DEBUG [main] - com.salesforce.utils.driver.ServiceCloudPageExtensions:-1:The close tabs link was inactive. Skipping...
DEBUG [main] - com.salesforce.pages.PageBase:-1:Setting the context mode to Page
DEBUG [main] - com.salesforce.utils.driver.SalesforcePageExtensions:-1:Waiting for page to load!
DEBUG [main] - com.salesforce.utils.driver.SalesforcePageExtensions:-1:Returned a ready state of complete
DEBUG [main] - com.salesforce.pages.salescloud.leads.LeadsHome:-1:Waiting for page to load
DEBUG [main] - com.salesforce.utils.driver.SalesforcePageExtensions:-1:Waiting for page to load!
DEBUG [main] - com.salesforce.utils.driver.SalesforcePageExtensions:-1:Returned a ready state of complete
DEBUG [main] - com.salesforce.pages.salescloud.leads.LeadsHome:-1:Setting View filter to: All Orders
DEBUG [main] - com.salesforce.pages.PageBase:-1:Will Continue testcase as exception is ignored and expected.
DEBUG [main] - com.salesforce.pages.PageBase:-1:Will Continue testcase as exception is ignored and expected.
DEBUG [main] - com.salesforce.utils.driver.SalesforcePageExtensions:-1:Had to use alternate DOM structure to get the class name for the input within a DIV. Input class is: fcf
DEBUG [main] - com.salesforce.pages.salescloud.leads.LeadsHome:-1:Selecting the Lead view type: All Orders
DEBUG [main] - com.salesforce.pages.salescloud.leads.LeadsHome:-1:The <option> value was found as the default selected element. Selecting it now
DEBUG [main] - com.salesforce.pages.salescloud.leads.LeadsHome:-1:Waiting for page to load
DEBUG [main] - com.salesforce.utils.driver.SalesforcePageExtensions:-1:Waiting for page to load!
DEBUG [main] - com.salesforce.utils.driver.SalesforcePageExtensions:-1:Returned a ready state of complete
DEBUG [main] - com.salesforce.pages.salescloud.leads.LeadsHome:-1:Sorting the leads Table by the Letter: D
DEBUG [main] - com.salesforce.utils.driver.SalesforcePageExtensions:-1:Waiting for page to load!
DEBUG [main] - com.salesforce.utils.driver.SalesforcePageExtensions:-1:Returned a ready state of complete
DEBUG [main] - com.salesforce.utils.driver.BrowserExtensions:-1:Waiting 1 sec then returning result. Current wait time is:0
DEBUG [main] - com.salesforce.utils.driver.BrowserExtensions:-1:Loading element is no longer visible. Continuing execution.
DEBUG [main] - com.salesforce.utils.driver.SalesforcePageExtensions:-1:Sorting Activity contents by letter: D
DEBUG [main] - com.salesforce.pages.salescloud.leads.LeadsHome:-1:Selecting the following value from the Leads table: Demo order test
DEBUG [main] - com.salesforce.utils.driver.SalesforcePageExtensions:-1:Waiting for page to load!
DEBUG [main] - com.salesforce.utils.driver.SalesforcePageExtensions:-1:Returned a ready state of complete
DEBUG [main] - com.salesforce.pages.salescloud.leads.LeadsHome:-1:Selecting the following value from the leads record table: Demo order test
DEBUG [main] - com.salesforce.utils.driver.BrowserExtensions:-1:Waiting 1 sec then returning result. Current wait time is:0
DEBUG [main] - com.salesforce.utils.driver.BrowserExtensions:-1:Waiting 1 sec then returning result. Current wait time is:1
DEBUG [main] - com.salesforce.utils.driver.BrowserExtensions:-1:Waiting 1 sec then returning result. Current wait time is:2
DEBUG [main] - com.salesforce.utils.driver.BrowserExtensions:-1:Waiting 1 sec then returning result. Current wait time is:3
DEBUG [main] - com.salesforce.utils.driver.BrowserExtensions:-1:Waiting 1 sec then returning result. Current wait time is:4
DEBUG [main] - com.salesforce.utils.driver.BrowserExtensions:-1:Waiting 1 sec then returning result. Current wait time is:5
DEBUG [main] - com.salesforce.utils.driver.BrowserExtensions:-1:Waiting 1 sec then returning result. Current wait time is:6
DEBUG [main] - com.salesforce.utils.driver.BrowserExtensions:-1:Waiting 1 sec then returning result. Current wait time is:7
DEBUG [main] - com.salesforce.utils.driver.BrowserExtensions:-1:Waiting 1 sec then returning result. Current wait time is:8
DEBUG [main] - com.salesforce.utils.driver.BrowserExtensions:-1:Waiting 1 sec then returning result. Current wait time is:9
DEBUG [main] - com.salesforce.utils.driver.BrowserExtensions:-1:Waiting 1 sec then returning result. Current wait time is:10
DEBUG [main] - com.salesforce.utils.driver.BrowserExtensions:-1:Waiting 1 sec then returning result. Current wait time is:11
DEBUG [main] - com.salesforce.utils.driver.BrowserExtensions:-1:Waiting 1 sec then returning result. Current wait time is:12
DEBUG [main] - com.salesforce.utils.driver.BrowserExtensions:-1:Waiting 1 sec then returning result. Current wait time is:13
DEBUG [main] - com.salesforce.utils.driver.BrowserExtensions:-1:Waiting 1 sec then returning result. Current wait time is:14
DEBUG [main] - com.salesforce.utils.driver.BrowserExtensions:-1:Waiting 1 sec then returning result. Current wait time is:15
DEBUG [main] - com.salesforce.utils.driver.BrowserExtensions:-1:Waiting 1 sec then returning result. Current wait time is:16
DEBUG [main] - com.salesforce.utils.driver.BrowserExtensions:-1:Waiting 1 sec then returning result. Current wait time is:17
DEBUG [main] - com.salesforce.utils.driver.BrowserExtensions:-1:Waiting 1 sec then returning result. Current wait time is:18
DEBUG [main] - com.salesforce.utils.driver.BrowserExtensions:-1:Waiting 1 sec then returning result. Current wait time is:19
DEBUG [main] - com.salesforce.utils.driver.BrowserExtensions:-1:Waiting 1 sec then returning result. Current wait time is:20
DEBUG [main] - com.salesforce.utils.driver.BrowserExtensions:-1:Waiting 1 sec then returning result. Current wait time is:21
DEBUG [main] - com.salesforce.utils.driver.BrowserExtensions:-1:Waiting 1 sec then returning result. Current wait time is:22
DEBUG [main] - com.salesforce.utils.driver.BrowserExtensions:-1:Loading element is no longer visible. Continuing execution.
DEBUG [main] - com.salesforce.utils.driver.SalesforcePageExtensions:-1:Found the table value: Demo order test
DEBUG [main] - com.salesforce.pages.Billing.Orders.Cloneorder:-1:Clicking on clone button
DEBUG [main] - com.salesforce.pages.Billing.Orders.Cloneorder:-1:Clicking on preview button
DEBUG [main] - com.salesforce.utils.datastore.FileIO:-1:Taking screenshot for test: "cloneorder_TestPreview"
DEBUG [main] - com.salesforce.utils.driver.SalesforcePageExtensions:-1:Waiting for page to load!
DEBUG [main] - com.salesforce.utils.driver.SalesforcePageExtensions:-1:Returned a ready state of complete
DEBUG [main] - com.salesforce.tests.functionaltests.CloudBaseTest:-1:ENDING TEST: cloneorder_TestPreview()
DEBUG [main] - com.salesforce.tests.functionaltests.CloudBaseTest:-1:Starting test class teardown
DEBUG [main] - com.salesforce.tests.functionaltests.CloudBaseTest:-1:Clearing all browser cookies
DEBUG [main] - com.salesforce.tests.functionaltests.CloudBaseTest:-1:Terminating browser
 INFO [main] - com.salesforce.utils.datastore.FileIO:-1:Setting the Config Property Key [CurrentTestName] to Value: cloneorder_TestQuickSave
DEBUG [main] - com.salesforce.utils.datastore.FileIO:-1:Directory: "report/images/" created
DEBUG [main] - com.salesforce.tests.functionaltests.CloudBaseTest:-1:------------------------------------------------------
DEBUG [main] - com.salesforce.tests.functionaltests.CloudBaseTest:-1:Executing Test: cloneorder_TestQuickSave()...
DEBUG [main] - com.salesforce.tests.functionaltests.CloudBaseTest:-1:------------------------------------------------------
DEBUG [main] - com.salesforce.tests.functionaltests.CloudBaseTest:-1:------------------------------------------------------
DEBUG [main] - com.salesforce.tests.functionaltests.CloudBaseTest:-1:Initializing... 
DEBUG [main] - com.salesforce.tests.functionaltests.CloudBaseTest:-1:------------------------------------------------------
DEBUG [main] - com.salesforce.tests.functionaltests.CloudBaseTest:-1:Grid is set to OFF. All browsers will launch browser locally...
DEBUG [main] - com.salesforce.utils.datastore.FileIO:-1:Getting the download directory path...
DEBUG [main] - com.salesforce.tests.functionaltests.CloudBaseTest:-1:Launching Firefox Browser
DEBUG [main] - com.salesforce.tests.functionaltests.CloudBaseTest:-1:Driver version: FirefoxDriver: firefox on WINDOWS (cc311488-f18e-4a6b-89ae-ae5fdb4c4939)
DEBUG [main] - com.salesforce.tests.functionaltests.CloudBaseTest:-1:Initializing Excel data sheet...
DEBUG [main] - com.salesforce.utils.datastore.ExcelSheetDriver:-1:Returning the Excel cell value: "Email"
DEBUG [main] - com.salesforce.utils.datastore.ExcelSheetDriver:-1:Returning the Excel cell value: "Password"
DEBUG [main] - com.salesforce.utils.datastore.ExcelSheetDriver:-1:Returning the Excel cell value: "Tab"
DEBUG [main] - com.salesforce.utils.datastore.ExcelSheetDriver:-1:Returning the Excel cell value: "View"
DEBUG [main] - com.salesforce.utils.datastore.ExcelSheetDriver:-1:Returning the Excel cell value: "Filter"
DEBUG [main] - com.salesforce.utils.datastore.ExcelSheetDriver:-1:Returning the Excel cell value: "OrderName"
DEBUG [main] - com.salesforce.utils.datastore.FileIO:-1:Loading iFrame ID Cache...
DEBUG [main] - com.salesforce.tests.functionaltests.CloudBaseTest:-1:Initializing Excel data sheet...
DEBUG [main] - com.salesforce.utils.datastore.ExcelSheetDriver:-1:Returning the Excel cell value: "Email"
DEBUG [main] - com.salesforce.utils.datastore.ExcelSheetDriver:-1:Returning the Excel cell value: "Password"
DEBUG [main] - com.salesforce.utils.datastore.ExcelSheetDriver:-1:Returning the Excel cell value: "Tab"
DEBUG [main] - com.salesforce.utils.datastore.ExcelSheetDriver:-1:Returning the Excel cell value: "View"
DEBUG [main] - com.salesforce.utils.datastore.ExcelSheetDriver:-1:Returning the Excel cell value: "Filter"
DEBUG [main] - com.salesforce.utils.datastore.ExcelSheetDriver:-1:Returning the Excel cell value: "OrderName"
DEBUG [main] - com.salesforce.utils.datastore.ExcelSheetDriver:-1:Returning the Excel cell value: "keshava.reddy@salesforce.com"
DEBUG [main] - com.salesforce.utils.datastore.ExcelSheetDriver:-1:Returning the Excel cell value: "BillingQA2"
DEBUG [main] - com.salesforce.utils.datastore.ExcelSheetDriver:-1:Returning the Excel cell value: "Orders"
DEBUG [main] - com.salesforce.utils.datastore.ExcelSheetDriver:-1:Returning the Excel cell value: "All Orders"
DEBUG [main] - com.salesforce.utils.datastore.ExcelSheetDriver:-1:Returning the Excel cell value: "D"
DEBUG [main] - com.salesforce.utils.datastore.ExcelSheetDriver:-1:Returning the Excel cell value: "Demo order test"
DEBUG [main] - com.salesforce.pages.PageBase:-1:Opening the page: "https://login.salesforce.com"
DEBUG [main] - com.salesforce.pages.Login:-1:Entering Username: keshava.reddy@salesforce.com
DEBUG [main] - com.salesforce.pages.Login:-1:Entering Password: BillingQA2
DEBUG [main] - com.salesforce.pages.Login:-1:Submitting Login Form!
DEBUG [main] - com.salesforce.pages.PageBase:-1:Will Continue testcase as exception is ignored and expected.
DEBUG [main] - com.salesforce.pages.PageBase:-1:Will Continue testcase as exception is ignored and expected.
DEBUG [main] - com.salesforce.utils.driver.SalesforcePageExtensions:-1:Waiting for page to load!
DEBUG [main] - com.salesforce.utils.driver.SalesforcePageExtensions:-1:Returned a ready state of complete
DEBUG [main] - com.salesforce.pages.DefaultTopFrame:-1:Changing App to SteelBrick Billing
DEBUG [main] - com.salesforce.pages.DefaultTopFrame:-1:Closing all top level Navigation tabs
DEBUG [main] - com.salesforce.utils.driver.ServiceCloudPageExtensions:-1:Closing all Service Cloud navigation tabs...
DEBUG [main] - com.salesforce.pages.PageBase:-1:Will Continue testcase as exception is ignored and expected.
DEBUG [main] - com.salesforce.pages.PageBase:-1:Checking page load status...
DEBUG [main] - com.salesforce.pages.PageBase:-1:Current wait time is: 0
DEBUG [main] - com.salesforce.pages.PageBase:-1:Loading element is no longer visible. Continuing execution...
DEBUG [main] - com.salesforce.pages.PageBase:-1:Waiting 1 sec then returning result. Current wait time is:0
DEBUG [main] - com.salesforce.pages.PageBase:-1:Context Loading element is no longer visible. Continuing execution.
DEBUG [main] - com.salesforce.utils.driver.SalesforcePageExtensions:-1:Waiting for page to load!
DEBUG [main] - com.salesforce.utils.driver.SalesforcePageExtensions:-1:Returned a ready state of complete
DEBUG [main] - com.salesforce.pages.PageBase:-1:Will Continue testcase as exception is ignored and expected.
DEBUG [main] - com.salesforce.utils.driver.ServiceCloudPageExtensions:-1:The close tabs link was inactive. Skipping...
DEBUG [main] - com.salesforce.pages.PageBase:-1:Setting the context mode to Page
DEBUG [main] - com.salesforce.utils.driver.SalesforcePageExtensions:-1:Waiting for page to load!
DEBUG [main] - com.salesforce.utils.driver.SalesforcePageExtensions:-1:Returned a ready state of complete
DEBUG [main] - com.salesforce.pages.salescloud.leads.LeadsHome:-1:Waiting for page to load
DEBUG [main] - com.salesforce.utils.driver.SalesforcePageExtensions:-1:Waiting for page to load!
DEBUG [main] - com.salesforce.utils.driver.SalesforcePageExtensions:-1:JavaScript readyState query timeout - The page has not finished loading. This may cause the test to fail!
DEBUG [main] - com.salesforce.pages.salescloud.leads.LeadsHome:-1:Setting View filter to: All Orders
DEBUG [main] - com.salesforce.pages.PageBase:-1:Will Continue testcase as exception is ignored and expected.
DEBUG [main] - com.salesforce.pages.PageBase:-1:Will Continue testcase as exception is ignored and expected.
DEBUG [main] - com.salesforce.utils.driver.SalesforcePageExtensions:-1:Had to use alternate DOM structure to get the class name for the input within a DIV. Input class is: fcf
DEBUG [main] - com.salesforce.pages.salescloud.leads.LeadsHome:-1:Selecting the Lead view type: All Orders
DEBUG [main] - com.salesforce.pages.salescloud.leads.LeadsHome:-1:The <option> value was found as the default selected element. Selecting it now
DEBUG [main] - com.salesforce.pages.salescloud.leads.LeadsHome:-1:Waiting for page to load
DEBUG [main] - com.salesforce.utils.driver.SalesforcePageExtensions:-1:Waiting for page to load!
DEBUG [main] - com.salesforce.utils.driver.SalesforcePageExtensions:-1:Returned a ready state of complete
DEBUG [main] - com.salesforce.pages.salescloud.leads.LeadsHome:-1:Sorting the leads Table by the Letter: D
DEBUG [main] - com.salesforce.utils.driver.SalesforcePageExtensions:-1:Waiting for page to load!
DEBUG [main] - com.salesforce.utils.driver.SalesforcePageExtensions:-1:Returned a ready state of complete
DEBUG [main] - com.salesforce.utils.driver.BrowserExtensions:-1:Waiting 1 sec then returning result. Current wait time is:0
DEBUG [main] - com.salesforce.utils.driver.BrowserExtensions:-1:Loading element is no longer visible. Continuing execution.
DEBUG [main] - com.salesforce.utils.driver.SalesforcePageExtensions:-1:Sorting Activity contents by letter: D
DEBUG [main] - com.salesforce.pages.salescloud.leads.LeadsHome:-1:Selecting the following value from the Leads table: Demo order test
DEBUG [main] - com.salesforce.utils.driver.SalesforcePageExtensions:-1:Waiting for page to load!
DEBUG [main] - com.salesforce.utils.driver.SalesforcePageExtensions:-1:Returned a ready state of complete
DEBUG [main] - com.salesforce.pages.salescloud.leads.LeadsHome:-1:Selecting the following value from the leads record table: Demo order test
DEBUG [main] - com.salesforce.utils.driver.BrowserExtensions:-1:Waiting 1 sec then returning result. Current wait time is:0
DEBUG [main] - com.salesforce.utils.driver.BrowserExtensions:-1:Waiting 1 sec then returning result. Current wait time is:1
DEBUG [main] - com.salesforce.utils.driver.BrowserExtensions:-1:Waiting 1 sec then returning result. Current wait time is:2
DEBUG [main] - com.salesforce.utils.driver.BrowserExtensions:-1:Waiting 1 sec then returning result. Current wait time is:3
DEBUG [main] - com.salesforce.utils.driver.BrowserExtensions:-1:Waiting 1 sec then returning result. Current wait time is:4
DEBUG [main] - com.salesforce.utils.driver.BrowserExtensions:-1:Waiting 1 sec then returning result. Current wait time is:5
DEBUG [main] - com.salesforce.utils.driver.BrowserExtensions:-1:Waiting 1 sec then returning result. Current wait time is:6
DEBUG [main] - com.salesforce.utils.driver.BrowserExtensions:-1:Waiting 1 sec then returning result. Current wait time is:7
DEBUG [main] - com.salesforce.utils.driver.BrowserExtensions:-1:Waiting 1 sec then returning result. Current wait time is:8
DEBUG [main] - com.salesforce.utils.driver.BrowserExtensions:-1:Loading element is no longer visible. Continuing execution.
DEBUG [main] - com.salesforce.utils.driver.SalesforcePageExtensions:-1:Found the table value: Demo order test
DEBUG [main] - com.salesforce.pages.Billing.Orders.Cloneorder:-1:Clicking on clone button
DEBUG [main] - com.salesforce.pages.Billing.Orders.Cloneorder:-1:Clicking on Quicksave button
DEBUG [main] - com.salesforce.pages.Billing.Orders.Cloneorder:-1:Getting the Account Header text
DEBUG [main] - com.salesforce.utils.datastore.FileIO:-1:Taking screenshot for test: "cloneorder_TestQuickSave"
DEBUG [main] - com.salesforce.utils.driver.SalesforcePageExtensions:-1:Waiting for page to load!
DEBUG [main] - com.salesforce.utils.driver.SalesforcePageExtensions:-1:Returned a ready state of complete
DEBUG [main] - com.salesforce.tests.functionaltests.CloudBaseTest:-1:ENDING TEST: cloneorder_TestQuickSave()
DEBUG [main] - com.salesforce.tests.functionaltests.CloudBaseTest:-1:Starting test class teardown
DEBUG [main] - com.salesforce.tests.functionaltests.CloudBaseTest:-1:Clearing all browser cookies
DEBUG [main] - com.salesforce.tests.functionaltests.CloudBaseTest:-1:Terminating browser
 INFO [main] - com.salesforce.utils.datastore.FileIO:-1:Setting the Config Property Key [CurrentTestName] to Value: cloneorder_TestStepWizard
DEBUG [main] - com.salesforce.utils.datastore.FileIO:-1:Directory: "report/images/" created
DEBUG [main] - com.salesforce.tests.functionaltests.CloudBaseTest:-1:------------------------------------------------------
DEBUG [main] - com.salesforce.tests.functionaltests.CloudBaseTest:-1:Executing Test: cloneorder_TestStepWizard()...
DEBUG [main] - com.salesforce.tests.functionaltests.CloudBaseTest:-1:------------------------------------------------------
DEBUG [main] - com.salesforce.tests.functionaltests.CloudBaseTest:-1:------------------------------------------------------
DEBUG [main] - com.salesforce.tests.functionaltests.CloudBaseTest:-1:Initializing... 
DEBUG [main] - com.salesforce.tests.functionaltests.CloudBaseTest:-1:------------------------------------------------------
DEBUG [main] - com.salesforce.tests.functionaltests.CloudBaseTest:-1:Grid is set to OFF. All browsers will launch browser locally...
DEBUG [main] - com.salesforce.utils.datastore.FileIO:-1:Getting the download directory path...
DEBUG [main] - com.salesforce.tests.functionaltests.CloudBaseTest:-1:Launching Firefox Browser
DEBUG [main] - com.salesforce.tests.functionaltests.CloudBaseTest:-1:Driver version: FirefoxDriver: firefox on WINDOWS (ed272b26-5fe0-4e4f-bd72-418c11489c5f)
DEBUG [main] - com.salesforce.tests.functionaltests.CloudBaseTest:-1:Initializing Excel data sheet...
DEBUG [main] - com.salesforce.utils.datastore.ExcelSheetDriver:-1:Returning the Excel cell value: "Email"
DEBUG [main] - com.salesforce.utils.datastore.ExcelSheetDriver:-1:Returning the Excel cell value: "Password"
DEBUG [main] - com.salesforce.utils.datastore.ExcelSheetDriver:-1:Returning the Excel cell value: "Tab"
DEBUG [main] - com.salesforce.utils.datastore.ExcelSheetDriver:-1:Returning the Excel cell value: "View"
DEBUG [main] - com.salesforce.utils.datastore.ExcelSheetDriver:-1:Returning the Excel cell value: "Filter"
DEBUG [main] - com.salesforce.utils.datastore.ExcelSheetDriver:-1:Returning the Excel cell value: "OrderName"
DEBUG [main] - com.salesforce.utils.datastore.FileIO:-1:Loading iFrame ID Cache...
DEBUG [main] - com.salesforce.tests.functionaltests.CloudBaseTest:-1:Initializing Excel data sheet...
DEBUG [main] - com.salesforce.utils.datastore.ExcelSheetDriver:-1:Returning the Excel cell value: "Email"
DEBUG [main] - com.salesforce.utils.datastore.ExcelSheetDriver:-1:Returning the Excel cell value: "Password"
DEBUG [main] - com.salesforce.utils.datastore.ExcelSheetDriver:-1:Returning the Excel cell value: "Tab"
DEBUG [main] - com.salesforce.utils.datastore.ExcelSheetDriver:-1:Returning the Excel cell value: "View"
DEBUG [main] - com.salesforce.utils.datastore.ExcelSheetDriver:-1:Returning the Excel cell value: "Filter"
DEBUG [main] - com.salesforce.utils.datastore.ExcelSheetDriver:-1:Returning the Excel cell value: "OrderName"
DEBUG [main] - com.salesforce.utils.datastore.ExcelSheetDriver:-1:Returning the Excel cell value: "keshava.reddy@salesforce.com"
DEBUG [main] - com.salesforce.utils.datastore.ExcelSheetDriver:-1:Returning the Excel cell value: "BillingQA2"
DEBUG [main] - com.salesforce.utils.datastore.ExcelSheetDriver:-1:Returning the Excel cell value: "Orders"
DEBUG [main] - com.salesforce.utils.datastore.ExcelSheetDriver:-1:Returning the Excel cell value: "All Orders"
DEBUG [main] - com.salesforce.utils.datastore.ExcelSheetDriver:-1:Returning the Excel cell value: "D"
DEBUG [main] - com.salesforce.utils.datastore.ExcelSheetDriver:-1:Returning the Excel cell value: "Demo order test"
DEBUG [main] - com.salesforce.pages.PageBase:-1:Opening the page: "https://login.salesforce.com"
DEBUG [main] - com.salesforce.pages.Login:-1:Entering Username: keshava.reddy@salesforce.com
DEBUG [main] - com.salesforce.pages.Login:-1:Entering Password: BillingQA2
DEBUG [main] - com.salesforce.pages.Login:-1:Submitting Login Form!
DEBUG [main] - com.salesforce.pages.PageBase:-1:Will Continue testcase as exception is ignored and expected.
DEBUG [main] - com.salesforce.pages.PageBase:-1:Will Continue testcase as exception is ignored and expected.
DEBUG [main] - com.salesforce.utils.driver.SalesforcePageExtensions:-1:Waiting for page to load!
DEBUG [main] - com.salesforce.utils.driver.SalesforcePageExtensions:-1:Returned a ready state of complete
DEBUG [main] - com.salesforce.pages.DefaultTopFrame:-1:Changing App to SteelBrick Billing
DEBUG [main] - com.salesforce.pages.DefaultTopFrame:-1:Closing all top level Navigation tabs
DEBUG [main] - com.salesforce.utils.driver.ServiceCloudPageExtensions:-1:Closing all Service Cloud navigation tabs...
DEBUG [main] - com.salesforce.pages.PageBase:-1:Will Continue testcase as exception is ignored and expected.
DEBUG [main] - com.salesforce.pages.PageBase:-1:Checking page load status...
DEBUG [main] - com.salesforce.pages.PageBase:-1:Current wait time is: 0
DEBUG [main] - com.salesforce.pages.PageBase:-1:Loading element is no longer visible. Continuing execution...
DEBUG [main] - com.salesforce.pages.PageBase:-1:Waiting 1 sec then returning result. Current wait time is:0
DEBUG [main] - com.salesforce.pages.PageBase:-1:Context Loading element is no longer visible. Continuing execution.
DEBUG [main] - com.salesforce.utils.driver.SalesforcePageExtensions:-1:Waiting for page to load!
DEBUG [main] - com.salesforce.utils.driver.SalesforcePageExtensions:-1:Returned a ready state of complete
DEBUG [main] - com.salesforce.pages.PageBase:-1:Will Continue testcase as exception is ignored and expected.
DEBUG [main] - com.salesforce.utils.driver.ServiceCloudPageExtensions:-1:The close tabs link was inactive. Skipping...
DEBUG [main] - com.salesforce.pages.PageBase:-1:Setting the context mode to Page
DEBUG [main] - com.salesforce.utils.driver.SalesforcePageExtensions:-1:Waiting for page to load!
DEBUG [main] - com.salesforce.utils.driver.SalesforcePageExtensions:-1:Returned a ready state of complete
DEBUG [main] - com.salesforce.pages.salescloud.leads.LeadsHome:-1:Waiting for page to load
DEBUG [main] - com.salesforce.utils.driver.SalesforcePageExtensions:-1:Waiting for page to load!
DEBUG [main] - com.salesforce.utils.driver.SalesforcePageExtensions:-1:JavaScript readyState query timeout - The page has not finished loading. This may cause the test to fail!
DEBUG [main] - com.salesforce.pages.salescloud.leads.LeadsHome:-1:Setting View filter to: All Orders
DEBUG [main] - com.salesforce.pages.PageBase:-1:Will Continue testcase as exception is ignored and expected.
DEBUG [main] - com.salesforce.pages.PageBase:-1:Will Continue testcase as exception is ignored and expected.
DEBUG [main] - com.salesforce.utils.driver.SalesforcePageExtensions:-1:Had to use alternate DOM structure to get the class name for the input within a DIV. Input class is: fcf
DEBUG [main] - com.salesforce.pages.salescloud.leads.LeadsHome:-1:Selecting the Lead view type: All Orders
DEBUG [main] - com.salesforce.pages.salescloud.leads.LeadsHome:-1:The <option> value was found as the default selected element. Selecting it now
DEBUG [main] - com.salesforce.pages.salescloud.leads.LeadsHome:-1:Waiting for page to load
DEBUG [main] - com.salesforce.utils.driver.SalesforcePageExtensions:-1:Waiting for page to load!
DEBUG [main] - com.salesforce.utils.driver.SalesforcePageExtensions:-1:Returned a ready state of complete
DEBUG [main] - com.salesforce.pages.salescloud.leads.LeadsHome:-1:Sorting the leads Table by the Letter: D
DEBUG [main] - com.salesforce.utils.driver.SalesforcePageExtensions:-1:Waiting for page to load!
DEBUG [main] - com.salesforce.utils.driver.SalesforcePageExtensions:-1:Returned a ready state of complete
DEBUG [main] - com.salesforce.utils.driver.BrowserExtensions:-1:Waiting 1 sec then returning result. Current wait time is:0
DEBUG [main] - com.salesforce.utils.driver.BrowserExtensions:-1:Loading element is no longer visible. Continuing execution.
DEBUG [main] - com.salesforce.utils.driver.SalesforcePageExtensions:-1:Sorting Activity contents by letter: D
DEBUG [main] - com.salesforce.pages.salescloud.leads.LeadsHome:-1:Selecting the following value from the Leads table: Demo order test
DEBUG [main] - com.salesforce.utils.driver.SalesforcePageExtensions:-1:Waiting for page to load!
DEBUG [main] - com.salesforce.utils.driver.SalesforcePageExtensions:-1:Returned a ready state of complete
DEBUG [main] - com.salesforce.pages.salescloud.leads.LeadsHome:-1:Selecting the following value from the leads record table: Demo order test
DEBUG [main] - com.salesforce.utils.driver.BrowserExtensions:-1:Waiting 1 sec then returning result. Current wait time is:0
DEBUG [main] - com.salesforce.utils.driver.BrowserExtensions:-1:Loading element is no longer visible. Continuing execution.
DEBUG [main] - com.salesforce.utils.driver.SalesforcePageExtensions:-1:Found the table value: Demo order test
DEBUG [main] - com.salesforce.pages.Billing.Orders.Cloneorder:-1:Clicking on clone button
DEBUG [main] - com.salesforce.pages.Billing.Orders.Cloneorder:-1:Clicking on Stepwizard button
DEBUG [main] - com.salesforce.pages.Billing.Orders.Cloneorder:-1:Clicking on next button
DEBUG [main] - com.salesforce.pages.Billing.Orders.Cloneorder:-1:Clicking on next button
DEBUG [main] - com.salesforce.pages.Billing.Orders.Cloneorder:-1:Clicking on save button
DEBUG [main] - com.salesforce.pages.Billing.Orders.Cloneorder:-1:Getting the Account Header text
DEBUG [main] - com.salesforce.utils.datastore.FileIO:-1:Taking screenshot for test: "cloneorder_TestStepWizard"
DEBUG [main] - com.salesforce.utils.driver.SalesforcePageExtensions:-1:Waiting for page to load!
DEBUG [main] - com.salesforce.utils.driver.SalesforcePageExtensions:-1:Returned a ready state of complete
DEBUG [main] - com.salesforce.tests.functionaltests.CloudBaseTest:-1:ENDING TEST: cloneorder_TestStepWizard()
DEBUG [main] - com.salesforce.tests.functionaltests.CloudBaseTest:-1:Starting test class teardown
DEBUG [main] - com.salesforce.tests.functionaltests.CloudBaseTest:-1:Clearing all browser cookies
DEBUG [main] - com.salesforce.tests.functionaltests.CloudBaseTest:-1:Terminating browser
 INFO [main] - com.salesforce.utils.datastore.FileIO:-1:Setting the Config Property Key [CurrentTestName] to Value: test_PreviewInvoice
DEBUG [main] - com.salesforce.utils.datastore.FileIO:-1:Directory: "report/images/" created
DEBUG [main] - com.salesforce.tests.functionaltests.CloudBaseTest:-1:------------------------------------------------------
DEBUG [main] - com.salesforce.tests.functionaltests.CloudBaseTest:-1:Executing Test: test_PreviewInvoice()...
DEBUG [main] - com.salesforce.tests.functionaltests.CloudBaseTest:-1:------------------------------------------------------
DEBUG [main] - com.salesforce.tests.functionaltests.CloudBaseTest:-1:------------------------------------------------------
DEBUG [main] - com.salesforce.tests.functionaltests.CloudBaseTest:-1:Initializing... 
DEBUG [main] - com.salesforce.tests.functionaltests.CloudBaseTest:-1:------------------------------------------------------
DEBUG [main] - com.salesforce.tests.functionaltests.CloudBaseTest:-1:Grid is set to OFF. All browsers will launch browser locally...
DEBUG [main] - com.salesforce.utils.datastore.FileIO:-1:Getting the download directory path...
DEBUG [main] - com.salesforce.tests.functionaltests.CloudBaseTest:-1:Launching Firefox Browser
DEBUG [main] - com.salesforce.tests.functionaltests.CloudBaseTest:-1:Driver version: FirefoxDriver: firefox on WINDOWS (72204637-5e9d-4997-b537-5db0ca046fb1)
DEBUG [main] - com.salesforce.tests.functionaltests.CloudBaseTest:-1:Initializing Excel data sheet...
DEBUG [main] - com.salesforce.utils.datastore.ExcelSheetDriver:-1:Returning the Excel cell value: "Email"
DEBUG [main] - com.salesforce.utils.datastore.ExcelSheetDriver:-1:Returning the Excel cell value: "Password"
DEBUG [main] - com.salesforce.utils.datastore.ExcelSheetDriver:-1:Returning the Excel cell value: "Tab"
DEBUG [main] - com.salesforce.utils.datastore.ExcelSheetDriver:-1:Returning the Excel cell value: "View"
DEBUG [main] - com.salesforce.utils.datastore.ExcelSheetDriver:-1:Returning the Excel cell value: "Filter"
DEBUG [main] - com.salesforce.utils.datastore.ExcelSheetDriver:-1:Returning the Excel cell value: "Order Name"
DEBUG [main] - com.salesforce.utils.datastore.FileIO:-1:Loading iFrame ID Cache...
DEBUG [main] - com.salesforce.tests.functionaltests.CloudBaseTest:-1:Initializing Excel data sheet...
DEBUG [main] - com.salesforce.utils.datastore.ExcelSheetDriver:-1:Returning the Excel cell value: "Email"
DEBUG [main] - com.salesforce.utils.datastore.ExcelSheetDriver:-1:Returning the Excel cell value: "Password"
DEBUG [main] - com.salesforce.utils.datastore.ExcelSheetDriver:-1:Returning the Excel cell value: "Tab"
DEBUG [main] - com.salesforce.utils.datastore.ExcelSheetDriver:-1:Returning the Excel cell value: "View"
[...]
------ExcelSheetDriver------excelFilePath----------->config/TestBilling.xls
------ExcelSheetDriver------dataSheetName----------->Createpaymentplan
--------wrksheet.getColumns()-----------7
-----wrksheet.getCell(column, row).getContents()------->Email
-----wrksheet.getCell(column, row).getContents()------->Password
-----wrksheet.getCell(column, row).getContents()------->Payment Plan Name
-----wrksheet.getCell(column, row).getContents()------->No of Installments
-----wrksheet.getCell(column, row).getContents()------->Down Payment (%)
-----wrksheet.getCell(column, row).getContents()------->Minimum Installments
-----wrksheet.getCell(column, row).getContents()------->Maximum Installments
---------------7------------------
---------------8------------------
-------------initDataIO---------777-------
------ExcelSheetDriver------excelFilePath----------->config/TestBilling.xls
------ExcelSheetDriver------dataSheetName----------->Createpaymentplan
--------wrksheet.getColumns()-----------7
-----wrksheet.getCell(column, row).getContents()------->Email
-----wrksheet.getCell(column, row).getContents()------->Password
-----wrksheet.getCell(column, row).getContents()------->Payment Plan Name
-----wrksheet.getCell(column, row).getContents()------->No of Installments
-----wrksheet.getCell(column, row).getContents()------->Down Payment (%)
-----wrksheet.getCell(column, row).getContents()------->Minimum Installments
-----wrksheet.getCell(column, row).getContents()------->Maximum Installments
----GetCell--------GetCell----------0
-----wrksheet.getCell(column, row).getContents()------->keshava.reddy@salesforce.com
----GetCell--------GetCell----------1
-----wrksheet.getCell(column, row).getContents()------->BillingQA2
----GetCell--------GetCell----------2
-----wrksheet.getCell(column, row).getContents()------->3 Months Plan
----GetCell--------GetCell----------3
-----wrksheet.getCell(column, row).getContents()------->3
----GetCell--------GetCell----------4
-----wrksheet.getCell(column, row).getContents()------->30
----GetCell--------GetCell----------5
-----wrksheet.getCell(column, row).getContents()------->2
----GetCell--------GetCell----------6
-----wrksheet.getCell(column, row).getContents()------->5
--------salesCloudAppName--------->SteelBrick Billing
---------------1------------------
---------------2------------------
---------------3------------------
---------------4------------------
---------------5------------------
---------------6------------------
-------------initDataIO---------777-------
------ExcelSheetDriver------excelFilePath----------->config/TestBilling.xls
------ExcelSheetDriver------dataSheetName----------->Paymentplanfororder
--------wrksheet.getColumns()-----------7
-----wrksheet.getCell(column, row).getContents()------->Email
-----wrksheet.getCell(column, row).getContents()------->Password
-----wrksheet.getCell(column, row).getContents()------->Tab
-----wrksheet.getCell(column, row).getContents()------->View
-----wrksheet.getCell(column, row).getContents()------->Filter
-----wrksheet.getCell(column, row).getContents()------->OrderName
-----wrksheet.getCell(column, row).getContents()------->Payment Plan
---------------7------------------
---------------8------------------
-------------initDataIO---------777-------
------ExcelSheetDriver------excelFilePath----------->config/TestBilling.xls
------ExcelSheetDriver------dataSheetName----------->Paymentplanfororder
--------wrksheet.getColumns()-----------7
-----wrksheet.getCell(column, row).getContents()------->Email
-----wrksheet.getCell(column, row).getContents()------->Password
-----wrksheet.getCell(column, row).getContents()------->Tab
-----wrksheet.getCell(column, row).getContents()------->View
-----wrksheet.getCell(column, row).getContents()------->Filter
-----wrksheet.getCell(column, row).getContents()------->OrderName
-----wrksheet.getCell(column, row).getContents()------->Payment Plan
----GetCell--------GetCell----------0
-----wrksheet.getCell(column, row).getContents()------->keshava.reddy@salesforce.com
----GetCell--------GetCell----------1
-----wrksheet.getCell(column, row).getContents()------->BillingQA2
----GetCell--------GetCell----------2
-----wrksheet.getCell(column, row).getContents()------->Orders
----GetCell--------GetCell----------3
-----wrksheet.getCell(column, row).getContents()------->All Orders
----GetCell--------GetCell----------4
-----wrksheet.getCell(column, row).getContents()------->D
----GetCell--------GetCell----------5
-----wrksheet.getCell(column, row).getContents()------->Demo order test
----GetCell--------GetCell----------6
-----wrksheet.getCell(column, row).getContents()------->3 Months Plan, 3 Months Plan
--------salesCloudAppName--------->SteelBrick Billing
---------------1------------------
---------------2------------------
---------------3------------------
---------------4------------------
---------------5------------------
---------------6------------------
-------------initDataIO---------777-------
------ExcelSheetDriver------excelFilePath----------->config/TestBilling.xls
------ExcelSheetDriver------dataSheetName----------->Testgenerateinvoice
--------wrksheet.getColumns()-----------6
-----wrksheet.getCell(column, row).getContents()------->Email
-----wrksheet.getCell(column, row).getContents()------->Password
-----wrksheet.getCell(column, row).getContents()------->Tab
-----wrksheet.getCell(column, row).getContents()------->View
-----wrksheet.getCell(column, row).getContents()------->Filter
-----wrksheet.getCell(column, row).getContents()------->Order Name
---------------7------------------
---------------8------------------
-------------initDataIO---------777-------
------ExcelSheetDriver------excelFilePath----------->config/TestBilling.xls
------ExcelSheetDriver------dataSheetName----------->Testgenerateinvoice
--------wrksheet.getColumns()-----------6
-----wrksheet.getCell(column, row).getContents()------->Email
-----wrksheet.getCell(column, row).getContents()------->Password
-----wrksheet.getCell(column, row).getContents()------->Tab
-----wrksheet.getCell(column, row).getContents()------->View
-----wrksheet.getCell(column, row).getContents()------->Filter
-----wrksheet.getCell(column, row).getContents()------->Order Name
----GetCell--------GetCell----------0
-----wrksheet.getCell(column, row).getContents()------->keshava.reddy@salesforce.com
----GetCell--------GetCell----------1
-----wrksheet.getCell(column, row).getContents()------->BillingQA2
----GetCell--------GetCell----------2
-----wrksheet.getCell(column, row).getContents()------->Orders
----GetCell--------GetCell----------3
-----wrksheet.getCell(column, row).getContents()------->All Orders
----GetCell--------GetCell----------4
-----wrksheet.getCell(column, row).getContents()------->D
----GetCell--------GetCell----------5
-----wrksheet.getCell(column, row).getContents()------->Demo order test
--------salesCloudAppName--------->SteelBrick Billing
---------------1------------------
---------------2------------------
---------------3------------------
---------------4------------------
---------------5------------------
---------------6------------------
-------------initDataIO---------777-------
------ExcelSheetDriver------excelFilePath----------->config/TestBilling.xls
------ExcelSheetDriver------dataSheetName----------->Testupdateorderstatus
--------wrksheet.getColumns()-----------7
-----wrksheet.getCell(column, row).getContents()------->Email
-----wrksheet.getCell(column, row).getContents()------->Password
-----wrksheet.getCell(column, row).getContents()------->Tab
-----wrksheet.getCell(column, row).getContents()------->View
-----wrksheet.getCell(column, row).getContents()------->Filter
-----wrksheet.getCell(column, row).getContents()------->Order Name
-----wrksheet.getCell(column, row).getContents()------->Status
---------------7------------------
---------------8------------------
-------------initDataIO---------777-------
------ExcelSheetDriver------excelFilePath----------->config/TestBilling.xls
------ExcelSheetDriver------dataSheetName----------->Testupdateorderstatus
--------wrksheet.getColumns()-----------7
-----wrksheet.getCell(column, row).getContents()------->Email
-----wrksheet.getCell(column, row).getContents()------->Password
-----wrksheet.getCell(column, row).getContents()------->Tab
-----wrksheet.getCell(column, row).getContents()------->View
-----wrksheet.getCell(column, row).getContents()------->Filter
-----wrksheet.getCell(column, row).getContents()------->Order Name
-----wrksheet.getCell(column, row).getContents()------->Status
----GetCell--------GetCell----------0
-----wrksheet.getCell(column, row).getContents()------->keshava.reddy@salesforce.com
----GetCell--------GetCell----------1
-----wrksheet.getCell(column, row).getContents()------->BillingQA2
----GetCell--------GetCell----------2
-----wrksheet.getCell(column, row).getContents()------->Orders
----GetCell--------GetCell----------3
-----wrksheet.getCell(column, row).getContents()------->All Orders
----GetCell--------GetCell----------4
-----wrksheet.getCell(column, row).getContents()------->D
----GetCell--------GetCell----------5
-----wrksheet.getCell(column, row).getContents()------->Demo order test
----GetCell--------GetCell----------6
-----wrksheet.getCell(column, row).getContents()------->Cancelled
--------salesCloudAppName--------->SteelBrick Billing
---------------1------------------
---------------2------------------
---------------3------------------
---------------4------------------
---------------5------------------
---------------6------------------
-------------initDataIO---------777-------
------ExcelSheetDriver------excelFilePath----------->config/TestBilling.xls
------ExcelSheetDriver------dataSheetName----------->createorderforonetimeandmonthly
--------wrksheet.getColumns()-----------11
-----wrksheet.getCell(column, row).getContents()------->Email
-----wrksheet.getCell(column, row).getContents()------->Password
-----wrksheet.getCell(column, row).getContents()------->Tab
-----wrksheet.getCell(column, row).getContents()------->Order Name
-----wrksheet.getCell(column, row).getContents()------->Terms (Months)
-----wrksheet.getCell(column, row).getContents()------->Auto Renew?
-----wrksheet.getCell(column, row).getContents()------->orderAccountName
-----wrksheet.getCell(column, row).getContents()------->PBDM
-----wrksheet.getCell(column, row).getContents()------->Payment Terms
-----wrksheet.getCell(column, row).getContents()------->Service Start Date
-----wrksheet.getCell(column, row).getContents()------->ProductName
---------------7------------------
---------------8------------------
-------------initDataIO---------777-------
------ExcelSheetDriver------excelFilePath----------->config/TestBilling.xls
------ExcelSheetDriver------dataSheetName----------->createorderforonetimeandmonthly
--------wrksheet.getColumns()-----------11
-----wrksheet.getCell(column, row).getContents()------->Email
-----wrksheet.getCell(column, row).getContents()------->Password
-----wrksheet.getCell(column, row).getContents()------->Tab
-----wrksheet.getCell(column, row).getContents()------->Order Name
-----wrksheet.getCell(column, row).getContents()------->Terms (Months)
-----wrksheet.getCell(column, row).getContents()------->Auto Renew?
-----wrksheet.getCell(column, row).getContents()------->orderAccountName
-----wrksheet.getCell(column, row).getContents()------->PBDM
-----wrksheet.getCell(column, row).getContents()------->Payment Terms
-----wrksheet.getCell(column, row).getContents()------->Service Start Date
-----wrksheet.getCell(column, row).getContents()------->ProductName
----GetCell--------GetCell----------0
-----wrksheet.getCell(column, row).getContents()------->keshava.reddy@salesforce.com
----GetCell--------GetCell----------1
-----wrksheet.getCell(column, row).getContents()------->BillingQA2
----GetCell--------GetCell----------2
-----wrksheet.getCell(column, row).getContents()------->Orders
----GetCell--------GetCell----------3
-----wrksheet.getCell(column, row).getContents()------->Demo order for adhoc invoice1
----GetCell--------GetCell----------5
-----wrksheet.getCell(column, row).getContents()------->true
----GetCell--------GetCell----------9
-----wrksheet.getCell(column, row).getContents()------->04/04/2016
----GetCell--------GetCell----------6
-----wrksheet.getCell(column, row).getContents()------->Demo Account,Demo Account
----GetCell--------GetCell----------10
-----wrksheet.getCell(column, row).getContents()------->GenWatt Propane 500kW
--------salesCloudAppName--------->SteelBrick Billing
---------------1------------------
---------------2------------------
---------------3------------------
---------------4------------------
---------------5------------------
---------------6------------------
-------------initDataIO---------777-------
------ExcelSheetDriver------excelFilePath----------->config/TestBilling.xls
------ExcelSheetDriver------dataSheetName----------->Createadhocinvoice
--------wrksheet.getColumns()-----------6
-----wrksheet.getCell(column, row).getContents()------->Email
-----wrksheet.getCell(column, row).getContents()------->Password
-----wrksheet.getCell(column, row).getContents()------->Tab
-----wrksheet.getCell(column, row).getContents()------->View
-----wrksheet.getCell(column, row).getContents()------->Filter
-----wrksheet.getCell(column, row).getContents()------->Order Name
---------------7------------------
---------------8------------------
-------------initDataIO---------777-------
------ExcelSheetDriver------excelFilePath----------->config/TestBilling.xls
------ExcelSheetDriver------dataSheetName----------->Createadhocinvoice
--------wrksheet.getColumns()-----------6
-----wrksheet.getCell(column, row).getContents()------->Email
-----wrksheet.getCell(column, row).getContents()------->Password
-----wrksheet.getCell(column, row).getContents()------->Tab
-----wrksheet.getCell(column, row).getContents()------->View
-----wrksheet.getCell(column, row).getContents()------->Filter
-----wrksheet.getCell(column, row).getContents()------->Order Name
----GetCell--------GetCell----------0
-----wrksheet.getCell(column, row).getContents()------->keshava.reddy@salesforce.com
----GetCell--------GetCell----------1
-----wrksheet.getCell(column, row).getContents()------->BillingQA2
----GetCell--------GetCell----------2
-----wrksheet.getCell(column, row).getContents()------->Orders
----GetCell--------GetCell----------3
-----wrksheet.getCell(column, row).getContents()------->All Orders
----GetCell--------GetCell----------4
-----wrksheet.getCell(column, row).getContents()------->D
----GetCell--------GetCell----------5
-----wrksheet.getCell(column, row).getContents()------->Demo order for adhoc invoice1
--------salesCloudAppName--------->SteelBrick Billing
---------------1------------------
---------------2------------------
---------------3------------------
---------------4------------------
---------------5------------------
---------------6------------------
-------------initDataIO---------777-------
------ExcelSheetDriver------excelFilePath----------->config/TestBilling.xls
------ExcelSheetDriver------dataSheetName----------->createorderforprofarmainvoice
--------wrksheet.getColumns()-----------11
-----wrksheet.getCell(column, row).getContents()------->Email
-----wrksheet.getCell(column, row).getContents()------->Password
-----wrksheet.getCell(column, row).getContents()------->Tab
-----wrksheet.getCell(column, row).getContents()------->Order Name
-----wrksheet.getCell(column, row).getContents()------->Terms (Months)
-----wrksheet.getCell(column, row).getContents()------->Auto Renew?
-----wrksheet.getCell(column, row).getContents()------->orderAccountName
-----wrksheet.getCell(column, row).getContents()------->PBDM
-----wrksheet.getCell(column, row).getContents()------->Payment Terms
-----wrksheet.getCell(column, row).getContents()------->Service Start Date
-----wrksheet.getCell(column, row).getContents()------->ProductName
---------------7------------------
---------------8------------------
-------------initDataIO---------777-------
------ExcelSheetDriver------excelFilePath----------->config/TestBilling.xls
------ExcelSheetDriver------dataSheetName----------->createorderforprofarmainvoice
--------wrksheet.getColumns()-----------11
-----wrksheet.getCell(column, row).getContents()------->Email
-----wrksheet.getCell(column, row).getContents()------->Password
-----wrksheet.getCell(column, row).getContents()------->Tab
-----wrksheet.getCell(column, row).getContents()------->Order Name
-----wrksheet.getCell(column, row).getContents()------->Terms (Months)
-----wrksheet.getCell(column, row).getContents()------->Auto Renew?
-----wrksheet.getCell(column, row).getContents()------->orderAccountName
-----wrksheet.getCell(column, row).getContents()------->PBDM
-----wrksheet.getCell(column, row).getContents()------->Payment Terms
-----wrksheet.getCell(column, row).getContents()------->Service Start Date
-----wrksheet.getCell(column, row).getContents()------->ProductName
----GetCell--------GetCell----------0
-----wrksheet.getCell(column, row).getContents()------->keshava.reddy@salesforce.com
----GetCell--------GetCell----------1
-----wrksheet.getCell(column, row).getContents()------->BillingQA2
----GetCell--------GetCell----------2
-----wrksheet.getCell(column, row).getContents()------->Orders
----GetCell--------GetCell----------3
-----wrksheet.getCell(column, row).getContents()------->Test order for profarma invoice1
----GetCell--------GetCell----------5
-----wrksheet.getCell(column, row).getContents()------->true
----GetCell--------GetCell----------9
-----wrksheet.getCell(column, row).getContents()------->04/04/2016
----GetCell--------GetCell----------6
-----wrksheet.getCell(column, row).getContents()------->Demo Account,Demo Account
----GetCell--------GetCell----------10
-----wrksheet.getCell(column, row).getContents()------->GenWatt Diesel 200kW
--------salesCloudAppName--------->SteelBrick Billing
---------------1------------------
---------------2------------------
---------------3------------------
---------------4------------------
---------------5------------------
---------------6------------------
-------------initDataIO---------777-------
------ExcelSheetDriver------excelFilePath----------->config/TestBilling.xls
------ExcelSheetDriver------dataSheetName----------->createlightningaccount
--------wrksheet.getColumns()-----------5
-----wrksheet.getCell(column, row).getContents()------->Email
-----wrksheet.getCell(column, row).getContents()------->Password
-----wrksheet.getCell(column, row).getContents()------->Account Name
-----wrksheet.getCell(column, row).getContents()------->Phone
-----wrksheet.getCell(column, row).getContents()------->Website
---------------7------------------
---------------8------------------
-------------initDataIO---------777-------
------ExcelSheetDriver------excelFilePath----------->config/TestBilling.xls
------ExcelSheetDriver------dataSheetName----------->createlightningaccount
--------wrksheet.getColumns()-----------5
-----wrksheet.getCell(column, row).getContents()------->Email
-----wrksheet.getCell(column, row).getContents()------->Password
-----wrksheet.getCell(column, row).getContents()------->Account Name
-----wrksheet.getCell(column, row).getContents()------->Phone
-----wrksheet.getCell(column, row).getContents()------->Website
----GetCell--------GetCell----------0
-----wrksheet.getCell(column, row).getContents()------->keshava.reddy@salesforce.com
----GetCell--------GetCell----------1
-----wrksheet.getCell(column, row).getContents()------->BillingQA2
----GetCell--------GetCell----------2
-----wrksheet.getCell(column, row).getContents()------->Account Lightning
----GetCell--------GetCell----------3
-----wrksheet.getCell(column, row).getContents()------->8899223311
----GetCell--------GetCell----------4
-----wrksheet.getCell(column, row).getContents()------->https://login.salesforce.com/
]]></system-err>
</testsuite>
