<?xml version="1.0" encoding="UTF-8" ?>
<testsuite errors="2" failures="0" hostname="rreddy-ltr" name="com.salesforce.tests.suites.CategorySuite" skipped="0" tests="2" time="191.429" timestamp="2016-05-22T14:49:22">
  <properties>
[...]
</properties>
  <testcase classname="com.salesforce.tests.functionaltests.Billing.Accounts.Createaccount" name="testSelectBillingAccount_Bil" time="108.315">
    <error message="Intermittent failure finding on element" type="java.lang.RuntimeException">java.lang.RuntimeException: Intermittent failure finding on element
	at com.salesforce.pages.PageBase.findElement(Unknown Source)
	at com.salesforce.pages.Billing.Accounts.CreatesAccount.getHeaderText(Unknown Source)
	at com.salesforce.tests.functionaltests.Billing.Accounts.Createaccount.testSelectBillingAccount_Bil(Unknown Source)
</error>
  </testcase>
  <testcase classname="com.salesforce.tests.functionaltests.Billing.Orders.Createorder" name="testSelectBillingOrder_Bill" time="83.027">
    <error message="Intermittent failure clicking on element" type="java.lang.RuntimeException">java.lang.RuntimeException: Intermittent failure clicking on element
	at com.salesforce.pages.PageBase.clickOnElement(Unknown Source)
	at com.salesforce.pages.salescloud.SalesCloudTopFrame.selectTab(Unknown Source)
	at com.salesforce.tests.functionaltests.Billing.Orders.Createorder.testSelectBillingOrder_Bill(Unknown Source)
</error>
  </testcase>
  <system-out><![CDATA[ INFO [main] - com.salesforce.utils.datastore.FileIO:-1:Setting the Config Property Key [CurrentTestName] to Value: testSelectBillingAccount_Bil
DEBUG [main] - com.salesforce.utils.datastore.FileIO:-1:Directory: "report/images/" created
DEBUG [main] - com.salesforce.tests.functionaltests.CloudBaseTest:-1:------------------------------------------------------
DEBUG [main] - com.salesforce.tests.functionaltests.CloudBaseTest:-1:Executing Test: testSelectBillingAccount_Bil()...
DEBUG [main] - com.salesforce.tests.functionaltests.CloudBaseTest:-1:------------------------------------------------------
DEBUG [main] - com.salesforce.tests.functionaltests.CloudBaseTest:-1:------------------------------------------------------
DEBUG [main] - com.salesforce.tests.functionaltests.CloudBaseTest:-1:Initializing... 
DEBUG [main] - com.salesforce.tests.functionaltests.CloudBaseTest:-1:------------------------------------------------------
DEBUG [main] - com.salesforce.tests.functionaltests.CloudBaseTest:-1:Grid is set to OFF. All browsers will launch browser locally...
DEBUG [main] - com.salesforce.utils.datastore.FileIO:-1:Getting the download directory path...
DEBUG [main] - com.salesforce.tests.functionaltests.CloudBaseTest:-1:Launching Firefox Browser
DEBUG [main] - com.salesforce.tests.functionaltests.CloudBaseTest:-1:Driver version: FirefoxDriver: firefox on WINDOWS (f0766df3-40ef-40cb-b9de-ac8f1e300ff2)
DEBUG [main] - com.salesforce.tests.functionaltests.CloudBaseTest:-1:Initializing Excel data sheet...
DEBUG [main] - com.salesforce.utils.datastore.ExcelSheetDriver:-1:Returning the Excel cell value: "Email"
DEBUG [main] - com.salesforce.utils.datastore.ExcelSheetDriver:-1:Returning the Excel cell value: "Password"
DEBUG [main] - com.salesforce.utils.datastore.ExcelSheetDriver:-1:Returning the Excel cell value: "Tab"
DEBUG [main] - com.salesforce.utils.datastore.ExcelSheetDriver:-1:Returning the Excel cell value: "Account Name"
DEBUG [main] - com.salesforce.utils.datastore.FileIO:-1:Loading iFrame ID Cache...
DEBUG [main] - com.salesforce.tests.functionaltests.CloudBaseTest:-1:Initializing Excel data sheet...
DEBUG [main] - com.salesforce.utils.datastore.ExcelSheetDriver:-1:Returning the Excel cell value: "Email"
DEBUG [main] - com.salesforce.utils.datastore.ExcelSheetDriver:-1:Returning the Excel cell value: "Password"
DEBUG [main] - com.salesforce.utils.datastore.ExcelSheetDriver:-1:Returning the Excel cell value: "Tab"
DEBUG [main] - com.salesforce.utils.datastore.ExcelSheetDriver:-1:Returning the Excel cell value: "Account Name"
DEBUG [main] - com.salesforce.utils.datastore.ExcelSheetDriver:-1:Returning the Excel cell value: "testdevorge@sf.com"
DEBUG [main] - com.salesforce.utils.datastore.ExcelSheetDriver:-1:Returning the Excel cell value: "raghava@1"
DEBUG [main] - com.salesforce.utils.datastore.ExcelSheetDriver:-1:Returning the Excel cell value: "Account"
DEBUG [main] - com.salesforce.utils.datastore.ExcelSheetDriver:-1:Returning the Excel cell value: "Demo Account"
DEBUG [main] - com.salesforce.pages.PageBase:-1:Opening the page: "https://login.salesforce.com"
DEBUG [main] - com.salesforce.pages.Login:-1:Entering Username: testdevorge@sf.com
DEBUG [main] - com.salesforce.pages.Login:-1:Entering Password: raghava@1
DEBUG [main] - com.salesforce.pages.Login:-1:Submitting Login Form!
DEBUG [main] - com.salesforce.pages.PageBase:-1:Will Continue testcase as exception is ignored and expected.
DEBUG [main] - com.salesforce.pages.PageBase:-1:Will Continue testcase as exception is ignored and expected.
DEBUG [main] - com.salesforce.utils.driver.SalesforcePageExtensions:-1:Waiting for page to load!
DEBUG [main] - com.salesforce.utils.driver.SalesforcePageExtensions:-1:JavaScript readyState query timeout - The page has not finished loading. This may cause the test to fail!
DEBUG [main] - com.salesforce.pages.DefaultTopFrame:-1:Changing App to SteelBrick Billing
DEBUG [main] - com.salesforce.utils.driver.SalesforcePageExtensions:-1:Waiting for page to load!
DEBUG [main] - com.salesforce.utils.driver.SalesforcePageExtensions:-1:JavaScript readyState query timeout - The page has not finished loading. This may cause the test to fail!
DEBUG [main] - com.salesforce.pages.Billing.Accounts.CreatesAccount:-1:Clicking on invoice scheduler...
DEBUG [main] - com.salesforce.pages.Billing.Accounts.CreatesAccount:-1:Clicking on invoice scheduler...
DEBUG [main] - com.salesforce.pages.Billing.Accounts.CreatesAccount:-1:Setting scheduler Name to: Demo Account
DEBUG [main] - com.salesforce.pages.Billing.Accounts.CreatesAccount:-1:Creating Account
DEBUG [main] - com.salesforce.pages.Billing.Accounts.CreatesAccount:-1:Getting the Account Header text
DEBUG [main] - com.salesforce.utils.datastore.FileIO:-1:Taking screenshot for test: "testSelectBillingAccount_Bil"
DEBUG [main] - com.salesforce.utils.driver.SalesforcePageExtensions:-1:Waiting for page to load!
DEBUG [main] - com.salesforce.utils.driver.SalesforcePageExtensions:-1:Returned a ready state of complete
DEBUG [main] - com.salesforce.tests.functionaltests.CloudBaseTest:-1:ENDING TEST: testSelectBillingAccount_Bil()
DEBUG [main] - com.salesforce.tests.functionaltests.CloudBaseTest:-1:Starting test class teardown
DEBUG [main] - com.salesforce.tests.functionaltests.CloudBaseTest:-1:Clearing all browser cookies
DEBUG [main] - com.salesforce.tests.functionaltests.CloudBaseTest:-1:Terminating browser
 INFO [main] - com.salesforce.utils.datastore.FileIO:-1:Setting the Config Property Key [CurrentTestName] to Value: testSelectBillingOrder_Bill
DEBUG [main] - com.salesforce.utils.datastore.FileIO:-1:Directory: "report/images/" created
DEBUG [main] - com.salesforce.tests.functionaltests.CloudBaseTest:-1:------------------------------------------------------
DEBUG [main] - com.salesforce.tests.functionaltests.CloudBaseTest:-1:Executing Test: testSelectBillingOrder_Bill()...
DEBUG [main] - com.salesforce.tests.functionaltests.CloudBaseTest:-1:------------------------------------------------------
DEBUG [main] - com.salesforce.tests.functionaltests.CloudBaseTest:-1:------------------------------------------------------
DEBUG [main] - com.salesforce.tests.functionaltests.CloudBaseTest:-1:Initializing... 
DEBUG [main] - com.salesforce.tests.functionaltests.CloudBaseTest:-1:------------------------------------------------------
DEBUG [main] - com.salesforce.tests.functionaltests.CloudBaseTest:-1:Grid is set to OFF. All browsers will launch browser locally...
DEBUG [main] - com.salesforce.utils.datastore.FileIO:-1:Getting the download directory path...
DEBUG [main] - com.salesforce.tests.functionaltests.CloudBaseTest:-1:Launching Firefox Browser
DEBUG [main] - com.salesforce.tests.functionaltests.CloudBaseTest:-1:Driver version: FirefoxDriver: firefox on WINDOWS (b2440faf-6dba-4eb6-8f9b-665544cf95a3)
DEBUG [main] - com.salesforce.tests.functionaltests.CloudBaseTest:-1:Initializing Excel data sheet...
DEBUG [main] - com.salesforce.utils.datastore.ExcelSheetDriver:-1:Returning the Excel cell value: "Email"
DEBUG [main] - com.salesforce.utils.datastore.ExcelSheetDriver:-1:Returning the Excel cell value: "Password"
DEBUG [main] - com.salesforce.utils.datastore.ExcelSheetDriver:-1:Returning the Excel cell value: "Tab"
DEBUG [main] - com.salesforce.utils.datastore.ExcelSheetDriver:-1:Returning the Excel cell value: "Order Name"
DEBUG [main] - com.salesforce.utils.datastore.ExcelSheetDriver:-1:Returning the Excel cell value: "Terms (Months)"
DEBUG [main] - com.salesforce.utils.datastore.ExcelSheetDriver:-1:Returning the Excel cell value: "Auto Renew?"
DEBUG [main] - com.salesforce.utils.datastore.ExcelSheetDriver:-1:Returning the Excel cell value: "orderAccountName"
DEBUG [main] - com.salesforce.utils.datastore.ExcelSheetDriver:-1:Returning the Excel cell value: "PBDM"
DEBUG [main] - com.salesforce.utils.datastore.ExcelSheetDriver:-1:Returning the Excel cell value: "Payment Terms"
DEBUG [main] - com.salesforce.utils.datastore.ExcelSheetDriver:-1:Returning the Excel cell value: "Service Start Date"
DEBUG [main] - com.salesforce.utils.datastore.ExcelSheetDriver:-1:Returning the Excel cell value: "ProductName"
DEBUG [main] - com.salesforce.utils.datastore.FileIO:-1:Loading iFrame ID Cache...
DEBUG [main] - com.salesforce.tests.functionaltests.CloudBaseTest:-1:Initializing Excel data sheet...
DEBUG [main] - com.salesforce.utils.datastore.ExcelSheetDriver:-1:Returning the Excel cell value: "Email"
DEBUG [main] - com.salesforce.utils.datastore.ExcelSheetDriver:-1:Returning the Excel cell value: "Password"
DEBUG [main] - com.salesforce.utils.datastore.ExcelSheetDriver:-1:Returning the Excel cell value: "Tab"
DEBUG [main] - com.salesforce.utils.datastore.ExcelSheetDriver:-1:Returning the Excel cell value: "Order Name"
DEBUG [main] - com.salesforce.utils.datastore.ExcelSheetDriver:-1:Returning the Excel cell value: "Terms (Months)"
DEBUG [main] - com.salesforce.utils.datastore.ExcelSheetDriver:-1:Returning the Excel cell value: "Auto Renew?"
DEBUG [main] - com.salesforce.utils.datastore.ExcelSheetDriver:-1:Returning the Excel cell value: "orderAccountName"
DEBUG [main] - com.salesforce.utils.datastore.ExcelSheetDriver:-1:Returning the Excel cell value: "PBDM"
DEBUG [main] - com.salesforce.utils.datastore.ExcelSheetDriver:-1:Returning the Excel cell value: "Payment Terms"
DEBUG [main] - com.salesforce.utils.datastore.ExcelSheetDriver:-1:Returning the Excel cell value: "Service Start Date"
DEBUG [main] - com.salesforce.utils.datastore.ExcelSheetDriver:-1:Returning the Excel cell value: "ProductName"
DEBUG [main] - com.salesforce.utils.datastore.ExcelSheetDriver:-1:Returning the Excel cell value: "kmr@dev.billing.steelbrick.com"
DEBUG [main] - com.salesforce.utils.datastore.ExcelSheetDriver:-1:Returning the Excel cell value: "madhusudhank@123"
DEBUG [main] - com.salesforce.utils.datastore.ExcelSheetDriver:-1:Returning the Excel cell value: "Orders"
DEBUG [main] - com.salesforce.utils.datastore.ExcelSheetDriver:-1:Returning the Excel cell value: "Demo Order"
DEBUG [main] - com.salesforce.utils.datastore.ExcelSheetDriver:-1:Returning the Excel cell value: "true"
DEBUG [main] - com.salesforce.utils.datastore.ExcelSheetDriver:-1:Returning the Excel cell value: "04/04/2016"
DEBUG [main] - com.salesforce.utils.datastore.ExcelSheetDriver:-1:Returning the Excel cell value: "Demo Account,Demo Account"
DEBUG [main] - com.salesforce.utils.datastore.ExcelSheetDriver:-1:Returning the Excel cell value: "GenWatt Diesel 200kW"
DEBUG [main] - com.salesforce.pages.PageBase:-1:Opening the page: "https://login.salesforce.com"
DEBUG [main] - com.salesforce.pages.Login:-1:Entering Username: kmr@dev.billing.steelbrick.com
DEBUG [main] - com.salesforce.pages.Login:-1:Entering Password: madhusudhank@123
DEBUG [main] - com.salesforce.pages.Login:-1:Submitting Login Form!
DEBUG [main] - com.salesforce.pages.PageBase:-1:Will Continue testcase as exception is ignored and expected.
DEBUG [main] - com.salesforce.pages.PageBase:-1:Will Continue testcase as exception is ignored and expected.
DEBUG [main] - com.salesforce.utils.driver.SalesforcePageExtensions:-1:Waiting for page to load!
DEBUG [main] - com.salesforce.utils.driver.SalesforcePageExtensions:-1:Returned a ready state of complete
DEBUG [main] - com.salesforce.pages.DefaultTopFrame:-1:Changing App to SteelBrick Billing
DEBUG [main] - com.salesforce.pages.DefaultTopFrame:-1:Some other uncaught exception happened. Might failIntermittent failure finding on element
DEBUG [main] - com.salesforce.utils.driver.SalesforcePageExtensions:-1:Waiting for page to load!
DEBUG [main] - com.salesforce.utils.driver.SalesforcePageExtensions:-1:Returned a ready state of complete
DEBUG [main] - com.salesforce.utils.datastore.FileIO:-1:Taking screenshot for test: "testSelectBillingOrder_Bill"
DEBUG [main] - com.salesforce.utils.driver.SalesforcePageExtensions:-1:Waiting for page to load!
DEBUG [main] - com.salesforce.utils.driver.SalesforcePageExtensions:-1:Returned a ready state of complete
DEBUG [main] - com.salesforce.tests.functionaltests.CloudBaseTest:-1:ENDING TEST: testSelectBillingOrder_Bill()
DEBUG [main] - com.salesforce.tests.functionaltests.CloudBaseTest:-1:Starting test class teardown
DEBUG [main] - com.salesforce.tests.functionaltests.CloudBaseTest:-1:Clearing all browser cookies
DEBUG [main] - com.salesforce.tests.functionaltests.CloudBaseTest:-1:Terminating browser
]]></system-out>
  <system-err><![CDATA[---------------1------------------
---------------2------------------
---------------3------------------
---------------4------------------
---------------5------------------
---------------6------------------
-------------initDataIO---------777-------
------ExcelSheetDriver------excelFilePath----------->config/TestBilling.xls
------ExcelSheetDriver------dataSheetName----------->Createaccount
--------wrksheet.getColumns()-----------4
-----wrksheet.getCell(column, row).getContents()------->Email
-----wrksheet.getCell(column, row).getContents()------->Password
-----wrksheet.getCell(column, row).getContents()------->Tab
-----wrksheet.getCell(column, row).getContents()------->Account Name
---------------7------------------
---------------8------------------
-------------initDataIO---------777-------
------ExcelSheetDriver------excelFilePath----------->config/TestBilling.xls
------ExcelSheetDriver------dataSheetName----------->Createaccount
--------wrksheet.getColumns()-----------4
-----wrksheet.getCell(column, row).getContents()------->Email
-----wrksheet.getCell(column, row).getContents()------->Password
-----wrksheet.getCell(column, row).getContents()------->Tab
-----wrksheet.getCell(column, row).getContents()------->Account Name
----GetCell--------GetCell----------0
-----wrksheet.getCell(column, row).getContents()------->testdevorge@sf.com
----GetCell--------GetCell----------1
-----wrksheet.getCell(column, row).getContents()------->raghava@1
----GetCell--------GetCell----------2
-----wrksheet.getCell(column, row).getContents()------->Account
----GetCell--------GetCell----------3
-----wrksheet.getCell(column, row).getContents()------->Demo Account
---------------1------------------
---------------2------------------
---------------3------------------
---------------4------------------
---------------5------------------
---------------6------------------
-------------initDataIO---------777-------
------ExcelSheetDriver------excelFilePath----------->config/TestBilling.xls
------ExcelSheetDriver------dataSheetName----------->Createorder
--------wrksheet.getColumns()-----------11
-----wrksheet.getCell(column, row).getContents()------->Email
-----wrksheet.getCell(column, row).getContents()------->Password
-----wrksheet.getCell(column, row).getContents()------->Tab
-----wrksheet.getCell(column, row).getContents()------->Order Name
-----wrksheet.getCell(column, row).getContents()------->Terms (Months)
-----wrksheet.getCell(column, row).getContents()------->Auto Renew?
-----wrksheet.getCell(column, row).getContents()------->orderAccountName
-----wrksheet.getCell(column, row).getContents()------->PBDM
-----wrksheet.getCell(column, row).getContents()------->Payment Terms
-----wrksheet.getCell(column, row).getContents()------->Service Start Date
-----wrksheet.getCell(column, row).getContents()------->ProductName
---------------7------------------
---------------8------------------
-------------initDataIO---------777-------
------ExcelSheetDriver------excelFilePath----------->config/TestBilling.xls
------ExcelSheetDriver------dataSheetName----------->Createorder
--------wrksheet.getColumns()-----------11
-----wrksheet.getCell(column, row).getContents()------->Email
-----wrksheet.getCell(column, row).getContents()------->Password
-----wrksheet.getCell(column, row).getContents()------->Tab
-----wrksheet.getCell(column, row).getContents()------->Order Name
-----wrksheet.getCell(column, row).getContents()------->Terms (Months)
-----wrksheet.getCell(column, row).getContents()------->Auto Renew?
-----wrksheet.getCell(column, row).getContents()------->orderAccountName
-----wrksheet.getCell(column, row).getContents()------->PBDM
-----wrksheet.getCell(column, row).getContents()------->Payment Terms
-----wrksheet.getCell(column, row).getContents()------->Service Start Date
-----wrksheet.getCell(column, row).getContents()------->ProductName
----GetCell--------GetCell----------0
-----wrksheet.getCell(column, row).getContents()------->kmr@dev.billing.steelbrick.com
----GetCell--------GetCell----------1
-----wrksheet.getCell(column, row).getContents()------->madhusudhank@123
----GetCell--------GetCell----------2
-----wrksheet.getCell(column, row).getContents()------->Orders
----GetCell--------GetCell----------3
-----wrksheet.getCell(column, row).getContents()------->Demo Order
----GetCell--------GetCell----------5
-----wrksheet.getCell(column, row).getContents()------->true
----GetCell--------GetCell----------9
-----wrksheet.getCell(column, row).getContents()------->04/04/2016
----GetCell--------GetCell----------6
-----wrksheet.getCell(column, row).getContents()------->Demo Account,Demo Account
----GetCell--------GetCell----------10
-----wrksheet.getCell(column, row).getContents()------->GenWatt Diesel 200kW
--------salesCloudAppName--------->SteelBrick Billing
]]></system-err>
</testsuite>
